This file contains any messages produced by compilers while
running configure, to aid debugging if configure makes a mistake.

It was created by libappindicator configure 12.10.0, which was
generated by GNU Autoconf 2.69.  Invocation command line was

  $ ./configure --prefix=/app --disable-static --with-gtk=3 --prefix=/app --libdir=/app/lib --with-girdir=/app/share/gir-1.0 --with-typelibdir=/app/lib/girepository-1.0 --libexecdir=/app/lib --datarootdir=/app/share

## --------- ##
## Platform. ##
## --------- ##

hostname = steamdeck
uname -m = x86_64
uname -r = 6.5.0-valve23-1-neptune-65-g385b5e207ae2
uname -s = Linux
uname -v = #1 SMP PREEMPT_DYNAMIC Fri, 13 Dec 2024 00:16:59 +0000

/usr/bin/uname -p = unknown
/bin/uname -X     = unknown

/bin/arch              = x86_64
/usr/bin/arch -k       = unknown
/usr/convex/getsysinfo = unknown
/usr/bin/hostinfo      = unknown
/bin/machine           = unknown
/usr/bin/oslevel       = unknown
/bin/universe          = unknown

PATH: /app/bin
PATH: /usr/bin


## ----------- ##
## Core tests. ##
## ----------- ##

configure:2414: checking for a BSD-compatible install
configure:2482: result: /usr/bin/install -c
configure:2493: checking whether build environment is sane
configure:2543: result: yes
configure:2684: checking for a thread-safe mkdir -p
configure:2723: result: /usr/bin/mkdir -p
configure:2736: checking for gawk
configure:2752: found /usr/bin/gawk
configure:2763: result: gawk
configure:2774: checking whether make sets $(MAKE)
configure:2796: result: yes
configure:2871: checking how to create a pax tar archive
configure:2884: tar --version
tar (GNU tar) 1.35
Copyright (C) 2023 Free Software Foundation, Inc.
License GPLv3+: GNU GPL version 3 or later <https://gnu.org/licenses/gpl.html>.
This is free software: you are free to change and redistribute it.
There is NO WARRANTY, to the extent permitted by law.

Written by John Gilmore and Jay Fenlason.
configure:2887: $? = 0
configure:2927: tardir=conftest.dir && eval tar --format=posix -chf - "$tardir" >conftest.tar
configure:2930: $? = 0
configure:2934: tar -xf - <conftest.tar
configure:2937: $? = 0
configure:2950: result: gnutar
configure:2959: checking whether to enable maintainer-specific portions of Makefiles
configure:2968: result: yes
configure:2993: checking whether make supports nested variables
configure:3010: result: yes
configure:3071: checking for gcc
configure:3087: found /usr/bin/gcc
configure:3098: result: gcc
configure:3327: checking for C compiler version
configure:3336: gcc --version >&5
gcc (GCC) 13.2.0
Copyright (C) 2023 Free Software Foundation, Inc.
This is free software; see the source for copying conditions.  There is NO
warranty; not even for MERCHANTABILITY or FITNESS FOR A PARTICULAR PURPOSE.

configure:3347: $? = 0
configure:3336: gcc -v >&5
Using built-in specs.
COLLECT_GCC=gcc
COLLECT_LTO_WRAPPER=/usr/libexec/gcc/x86_64-unknown-linux-gnu/13.2.0/lto-wrapper
Target: x86_64-unknown-linux-gnu
Configured with: ../configure --prefix=/usr --exec-prefix=/usr --bindir=/usr/bin --sbindir=/usr/bin --sysconfdir=/etc --datadir=/usr/share --includedir=/usr/include --libdir=/usr/lib --libexecdir=/usr/libexec --localstatedir=/var --sharedstatedir=/usr/com --mandir=/usr/share/man --infodir=/usr/share/info --enable-deterministic-archives --enable-shared --build=x86_64-bootstrapper-linux-gnu --host=x86_64-unknown-linux-gnu lt_cv_sys_lib_dlsearch_path_spec=/usr/lib/x86_64-linux-gnu --target=x86_64-unknown-linux-gnu --disable-multilib --enable-multiarch --disable-bootstrap --with-build-sysroot=/cross-installation --enable-languages=c,c++,fortran,objc,obj-c++ --enable-default-pie --enable-default-ssp --with-isl --disable-libssp --enable-linker-build-id --disable-libstdcxx-filesystem-ts --enable-cet host_configargs=lt_cv_sys_lib_dlsearch_path_spec=/usr/lib/x86_64-linux-gnu target_configargs=lt_cv_sys_lib_dlsearch_path_spec=/usr/lib/x86_64-linux-gnu --with-tune=generic
Thread model: posix
Supported LTO compression algorithms: zlib
gcc version 13.2.0 (GCC) 
configure:3347: $? = 0
configure:3336: gcc -V >&5
gcc: error: unrecognized command-line option '-V'
gcc: fatal error: no input files
compilation terminated.
configure:3347: $? = 1
configure:3336: gcc -qversion >&5
gcc: error: unrecognized command-line option '-qversion'; did you mean '--version'?
gcc: fatal error: no input files
compilation terminated.
configure:3347: $? = 1
configure:3367: checking whether the C compiler works
configure:3389: gcc -O2 -pipe -g -Wp,-D_FORTIFY_SOURCE=2 -Wp,-D_GLIBCXX_ASSERTIONS -fexceptions -fstack-protector-strong -grecord-gcc-switches -fasynchronous-unwind-tables -fstack-clash-protection -fcf-protection -fno-omit-frame-pointer   -L/app/lib -Wl,-z,relro,-z,now -Wl,--as-needed  conftest.c  >&5
configure:3393: $? = 0
configure:3441: result: yes
configure:3444: checking for C compiler default output file name
configure:3446: result: a.out
configure:3452: checking for suffix of executables
configure:3459: gcc -o conftest -O2 -pipe -g -Wp,-D_FORTIFY_SOURCE=2 -Wp,-D_GLIBCXX_ASSERTIONS -fexceptions -fstack-protector-strong -grecord-gcc-switches -fasynchronous-unwind-tables -fstack-clash-protection -fcf-protection -fno-omit-frame-pointer   -L/app/lib -Wl,-z,relro,-z,now -Wl,--as-needed  conftest.c  >&5
configure:3463: $? = 0
configure:3485: result: 
configure:3507: checking whether we are cross compiling
configure:3515: gcc -o conftest -O2 -pipe -g -Wp,-D_FORTIFY_SOURCE=2 -Wp,-D_GLIBCXX_ASSERTIONS -fexceptions -fstack-protector-strong -grecord-gcc-switches -fasynchronous-unwind-tables -fstack-clash-protection -fcf-protection -fno-omit-frame-pointer   -L/app/lib -Wl,-z,relro,-z,now -Wl,--as-needed  conftest.c  >&5
configure:3519: $? = 0
configure:3526: ./conftest
configure:3530: $? = 0
configure:3545: result: no
configure:3550: checking for suffix of object files
configure:3572: gcc -c -O2 -pipe -g -Wp,-D_FORTIFY_SOURCE=2 -Wp,-D_GLIBCXX_ASSERTIONS -fexceptions -fstack-protector-strong -grecord-gcc-switches -fasynchronous-unwind-tables -fstack-clash-protection -fcf-protection -fno-omit-frame-pointer   conftest.c >&5
configure:3576: $? = 0
configure:3597: result: o
configure:3601: checking whether we are using the GNU C compiler
configure:3620: gcc -c -O2 -pipe -g -Wp,-D_FORTIFY_SOURCE=2 -Wp,-D_GLIBCXX_ASSERTIONS -fexceptions -fstack-protector-strong -grecord-gcc-switches -fasynchronous-unwind-tables -fstack-clash-protection -fcf-protection -fno-omit-frame-pointer   conftest.c >&5
configure:3620: $? = 0
configure:3629: result: yes
configure:3638: checking whether gcc accepts -g
configure:3658: gcc -c -g  conftest.c >&5
configure:3658: $? = 0
configure:3699: result: yes
configure:3716: checking for gcc option to accept ISO C89
configure:3779: gcc  -c -O2 -pipe -g -Wp,-D_FORTIFY_SOURCE=2 -Wp,-D_GLIBCXX_ASSERTIONS -fexceptions -fstack-protector-strong -grecord-gcc-switches -fasynchronous-unwind-tables -fstack-clash-protection -fcf-protection -fno-omit-frame-pointer   conftest.c >&5
configure:3779: $? = 0
configure:3792: result: none needed
configure:3823: checking for style of include used by make
configure:3851: result: GNU
configure:3877: checking dependency style of gcc
configure:3988: result: gcc3
configure:4004: checking whether gcc and cc understand -c and -o together
configure:4035: gcc -c conftest.c -o conftest2.o >&5
configure:4039: $? = 0
configure:4045: gcc -c conftest.c -o conftest2.o >&5
configure:4049: $? = 0
configure:4060: cc -c conftest.c >&5
configure:4064: $? = 0
configure:4072: cc -c conftest.c -o conftest2.o >&5
configure:4076: $? = 0
configure:4082: cc -c conftest.c -o conftest2.o >&5
configure:4086: $? = 0
configure:4104: result: yes
configure:4161: checking build system type
configure:4175: result: x86_64-unknown-linux-gnu
configure:4195: checking host system type
configure:4208: result: x86_64-unknown-linux-gnu
configure:4249: checking how to print strings
configure:4276: result: printf
configure:4297: checking for a sed that does not truncate output
configure:4361: result: /usr/bin/sed
configure:4379: checking for grep that handles long lines and -e
configure:4437: result: /usr/bin/grep
configure:4442: checking for egrep
configure:4504: result: /usr/bin/grep -E
configure:4509: checking for fgrep
configure:4571: result: /usr/bin/grep -F
configure:4606: checking for ld used by gcc
configure:4673: result: /usr/x86_64-unknown-linux-gnu/bin/ld
configure:4680: checking if the linker (/usr/x86_64-unknown-linux-gnu/bin/ld) is GNU ld
configure:4695: result: yes
configure:4707: checking for BSD- or MS-compatible name lister (nm)
configure:4756: result: /usr/bin/nm -B
configure:4886: checking the name lister (/usr/bin/nm -B) interface
configure:4893: gcc -c -O2 -pipe -g -Wp,-D_FORTIFY_SOURCE=2 -Wp,-D_GLIBCXX_ASSERTIONS -fexceptions -fstack-protector-strong -grecord-gcc-switches -fasynchronous-unwind-tables -fstack-clash-protection -fcf-protection -fno-omit-frame-pointer   conftest.c >&5
configure:4896: /usr/bin/nm -B "conftest.o"
configure:4899: output
0000000000000000 B some_variable
configure:4906: result: BSD nm
configure:4909: checking whether ln -s works
configure:4913: result: yes
configure:4921: checking the maximum length of command line arguments
configure:5051: result: 1572864
configure:5068: checking whether the shell understands some XSI constructs
configure:5078: result: yes
configure:5082: checking whether the shell understands "+="
configure:5088: result: yes
configure:5123: checking how to convert x86_64-unknown-linux-gnu file names to x86_64-unknown-linux-gnu format
configure:5163: result: func_convert_file_noop
configure:5170: checking how to convert x86_64-unknown-linux-gnu file names to toolchain format
configure:5190: result: func_convert_file_noop
configure:5197: checking for /usr/x86_64-unknown-linux-gnu/bin/ld option to reload object files
configure:5204: result: -r
configure:5278: checking for objdump
configure:5294: found /usr/bin/objdump
configure:5305: result: objdump
configure:5337: checking how to recognize dependent libraries
configure:5539: result: pass_all
configure:5624: checking for dlltool
configure:5654: result: no
configure:5684: checking how to associate runtime and link libraries
configure:5711: result: printf %s\n
configure:5772: checking for ar
configure:5788: found /usr/bin/ar
configure:5799: result: ar
configure:5836: checking for archiver @FILE support
configure:5853: gcc -c -O2 -pipe -g -Wp,-D_FORTIFY_SOURCE=2 -Wp,-D_GLIBCXX_ASSERTIONS -fexceptions -fstack-protector-strong -grecord-gcc-switches -fasynchronous-unwind-tables -fstack-clash-protection -fcf-protection -fno-omit-frame-pointer   conftest.c >&5
configure:5853: $? = 0
configure:5856: ar cru libconftest.a @conftest.lst >&5
ar: `u' modifier ignored since `D' is the default (see `U')
configure:5859: $? = 0
configure:5864: ar cru libconftest.a @conftest.lst >&5
ar: `u' modifier ignored since `D' is the default (see `U')
ar: conftest.o: No such file or directory
configure:5867: $? = 1
configure:5879: result: @
configure:5937: checking for strip
configure:5953: found /usr/bin/strip
configure:5964: result: strip
configure:6036: checking for ranlib
configure:6052: found /usr/bin/ranlib
configure:6063: result: ranlib
configure:6165: checking command to parse /usr/bin/nm -B output from gcc object
configure:6285: gcc -c -O2 -pipe -g -Wp,-D_FORTIFY_SOURCE=2 -Wp,-D_GLIBCXX_ASSERTIONS -fexceptions -fstack-protector-strong -grecord-gcc-switches -fasynchronous-unwind-tables -fstack-clash-protection -fcf-protection -fno-omit-frame-pointer   conftest.c >&5
configure:6288: $? = 0
configure:6292: /usr/bin/nm -B conftest.o \| sed -n -e 's/^.*[ ]\([ABCDGIRSTW][ABCDGIRSTW]*\)[ ][ ]*\([_A-Za-z][_A-Za-z0-9]*\)$/\1 \2 \2/p' | sed '/ __gnu_lto/d' \> conftest.nm
configure:6295: $? = 0
configure:6361: gcc -o conftest -O2 -pipe -g -Wp,-D_FORTIFY_SOURCE=2 -Wp,-D_GLIBCXX_ASSERTIONS -fexceptions -fstack-protector-strong -grecord-gcc-switches -fasynchronous-unwind-tables -fstack-clash-protection -fcf-protection -fno-omit-frame-pointer   -L/app/lib -Wl,-z,relro,-z,now -Wl,--as-needed  conftest.c conftstm.o >&5
configure:6364: $? = 0
configure:6402: result: ok
configure:6439: checking for sysroot
configure:6469: result: no
configure:6546: gcc -c -O2 -pipe -g -Wp,-D_FORTIFY_SOURCE=2 -Wp,-D_GLIBCXX_ASSERTIONS -fexceptions -fstack-protector-strong -grecord-gcc-switches -fasynchronous-unwind-tables -fstack-clash-protection -fcf-protection -fno-omit-frame-pointer   conftest.c >&5
configure:6549: $? = 0
configure:6725: checking for mt
configure:6755: result: no
configure:6775: checking if : is a manifest tool
configure:6781: : '-?'
configure:6789: result: no
configure:7431: checking how to run the C preprocessor
configure:7462: gcc -E  conftest.c
configure:7462: $? = 0
configure:7476: gcc -E  conftest.c
conftest.c:11:10: fatal error: ac_nonexistent.h: No such file or directory
   11 | #include <ac_nonexistent.h>
      |          ^~~~~~~~~~~~~~~~~~
compilation terminated.
configure:7476: $? = 1
configure: failed program was:
| /* confdefs.h */
| #define PACKAGE_NAME "libappindicator"
| #define PACKAGE_TARNAME "libappindicator"
| #define PACKAGE_VERSION "12.10.0"
| #define PACKAGE_STRING "libappindicator 12.10.0"
| #define PACKAGE_BUGREPORT "http://bugs.launchpad.net/libappindicator"
| #define PACKAGE_URL "http://launchpad.net/libappindicator"
| #define PACKAGE "libappindicator"
| #define VERSION "12.10.0"
| /* end confdefs.h.  */
| #include <ac_nonexistent.h>
configure:7501: result: gcc -E
configure:7521: gcc -E  conftest.c
configure:7521: $? = 0
configure:7535: gcc -E  conftest.c
conftest.c:11:10: fatal error: ac_nonexistent.h: No such file or directory
   11 | #include <ac_nonexistent.h>
      |          ^~~~~~~~~~~~~~~~~~
compilation terminated.
configure:7535: $? = 1
configure: failed program was:
| /* confdefs.h */
| #define PACKAGE_NAME "libappindicator"
| #define PACKAGE_TARNAME "libappindicator"
| #define PACKAGE_VERSION "12.10.0"
| #define PACKAGE_STRING "libappindicator 12.10.0"
| #define PACKAGE_BUGREPORT "http://bugs.launchpad.net/libappindicator"
| #define PACKAGE_URL "http://launchpad.net/libappindicator"
| #define PACKAGE "libappindicator"
| #define VERSION "12.10.0"
| /* end confdefs.h.  */
| #include <ac_nonexistent.h>
configure:7564: checking for ANSI C header files
configure:7584: gcc -c -O2 -pipe -g -Wp,-D_FORTIFY_SOURCE=2 -Wp,-D_GLIBCXX_ASSERTIONS -fexceptions -fstack-protector-strong -grecord-gcc-switches -fasynchronous-unwind-tables -fstack-clash-protection -fcf-protection -fno-omit-frame-pointer   conftest.c >&5
configure:7584: $? = 0
configure:7657: gcc -o conftest -O2 -pipe -g -Wp,-D_FORTIFY_SOURCE=2 -Wp,-D_GLIBCXX_ASSERTIONS -fexceptions -fstack-protector-strong -grecord-gcc-switches -fasynchronous-unwind-tables -fstack-clash-protection -fcf-protection -fno-omit-frame-pointer   -L/app/lib -Wl,-z,relro,-z,now -Wl,--as-needed  conftest.c  >&5
configure:7657: $? = 0
configure:7657: ./conftest
configure:7657: $? = 0
configure:7668: result: yes
configure:7681: checking for sys/types.h
configure:7681: gcc -c -O2 -pipe -g -Wp,-D_FORTIFY_SOURCE=2 -Wp,-D_GLIBCXX_ASSERTIONS -fexceptions -fstack-protector-strong -grecord-gcc-switches -fasynchronous-unwind-tables -fstack-clash-protection -fcf-protection -fno-omit-frame-pointer   conftest.c >&5
configure:7681: $? = 0
configure:7681: result: yes
configure:7681: checking for sys/stat.h
configure:7681: gcc -c -O2 -pipe -g -Wp,-D_FORTIFY_SOURCE=2 -Wp,-D_GLIBCXX_ASSERTIONS -fexceptions -fstack-protector-strong -grecord-gcc-switches -fasynchronous-unwind-tables -fstack-clash-protection -fcf-protection -fno-omit-frame-pointer   conftest.c >&5
configure:7681: $? = 0
configure:7681: result: yes
configure:7681: checking for stdlib.h
configure:7681: gcc -c -O2 -pipe -g -Wp,-D_FORTIFY_SOURCE=2 -Wp,-D_GLIBCXX_ASSERTIONS -fexceptions -fstack-protector-strong -grecord-gcc-switches -fasynchronous-unwind-tables -fstack-clash-protection -fcf-protection -fno-omit-frame-pointer   conftest.c >&5
configure:7681: $? = 0
configure:7681: result: yes
configure:7681: checking for string.h
configure:7681: gcc -c -O2 -pipe -g -Wp,-D_FORTIFY_SOURCE=2 -Wp,-D_GLIBCXX_ASSERTIONS -fexceptions -fstack-protector-strong -grecord-gcc-switches -fasynchronous-unwind-tables -fstack-clash-protection -fcf-protection -fno-omit-frame-pointer   conftest.c >&5
configure:7681: $? = 0
configure:7681: result: yes
configure:7681: checking for memory.h
configure:7681: gcc -c -O2 -pipe -g -Wp,-D_FORTIFY_SOURCE=2 -Wp,-D_GLIBCXX_ASSERTIONS -fexceptions -fstack-protector-strong -grecord-gcc-switches -fasynchronous-unwind-tables -fstack-clash-protection -fcf-protection -fno-omit-frame-pointer   conftest.c >&5
configure:7681: $? = 0
configure:7681: result: yes
configure:7681: checking for strings.h
configure:7681: gcc -c -O2 -pipe -g -Wp,-D_FORTIFY_SOURCE=2 -Wp,-D_GLIBCXX_ASSERTIONS -fexceptions -fstack-protector-strong -grecord-gcc-switches -fasynchronous-unwind-tables -fstack-clash-protection -fcf-protection -fno-omit-frame-pointer   conftest.c >&5
configure:7681: $? = 0
configure:7681: result: yes
configure:7681: checking for inttypes.h
configure:7681: gcc -c -O2 -pipe -g -Wp,-D_FORTIFY_SOURCE=2 -Wp,-D_GLIBCXX_ASSERTIONS -fexceptions -fstack-protector-strong -grecord-gcc-switches -fasynchronous-unwind-tables -fstack-clash-protection -fcf-protection -fno-omit-frame-pointer   conftest.c >&5
configure:7681: $? = 0
configure:7681: result: yes
configure:7681: checking for stdint.h
configure:7681: gcc -c -O2 -pipe -g -Wp,-D_FORTIFY_SOURCE=2 -Wp,-D_GLIBCXX_ASSERTIONS -fexceptions -fstack-protector-strong -grecord-gcc-switches -fasynchronous-unwind-tables -fstack-clash-protection -fcf-protection -fno-omit-frame-pointer   conftest.c >&5
configure:7681: $? = 0
configure:7681: result: yes
configure:7681: checking for unistd.h
configure:7681: gcc -c -O2 -pipe -g -Wp,-D_FORTIFY_SOURCE=2 -Wp,-D_GLIBCXX_ASSERTIONS -fexceptions -fstack-protector-strong -grecord-gcc-switches -fasynchronous-unwind-tables -fstack-clash-protection -fcf-protection -fno-omit-frame-pointer   conftest.c >&5
configure:7681: $? = 0
configure:7681: result: yes
configure:7695: checking for dlfcn.h
configure:7695: gcc -c -O2 -pipe -g -Wp,-D_FORTIFY_SOURCE=2 -Wp,-D_GLIBCXX_ASSERTIONS -fexceptions -fstack-protector-strong -grecord-gcc-switches -fasynchronous-unwind-tables -fstack-clash-protection -fcf-protection -fno-omit-frame-pointer   conftest.c >&5
configure:7695: $? = 0
configure:7695: result: yes
configure:7901: checking for objdir
configure:7916: result: .libs
configure:8187: checking if gcc supports -fno-rtti -fno-exceptions
configure:8205: gcc -c -O2 -pipe -g -Wp,-D_FORTIFY_SOURCE=2 -Wp,-D_GLIBCXX_ASSERTIONS -fexceptions -fstack-protector-strong -grecord-gcc-switches -fasynchronous-unwind-tables -fstack-clash-protection -fcf-protection -fno-omit-frame-pointer   -fno-rtti -fno-exceptions conftest.c >&5
cc1: warning: command-line option '-fno-rtti' is valid for C++/D/ObjC++ but not for C
configure:8209: $? = 0
configure:8222: result: no
configure:8549: checking for gcc option to produce PIC
configure:8556: result: -fPIC -DPIC
configure:8564: checking if gcc PIC flag -fPIC -DPIC works
configure:8582: gcc -c -O2 -pipe -g -Wp,-D_FORTIFY_SOURCE=2 -Wp,-D_GLIBCXX_ASSERTIONS -fexceptions -fstack-protector-strong -grecord-gcc-switches -fasynchronous-unwind-tables -fstack-clash-protection -fcf-protection -fno-omit-frame-pointer   -fPIC -DPIC -DPIC conftest.c >&5
configure:8586: $? = 0
configure:8599: result: yes
configure:8628: checking if gcc static flag -static works
configure:8656: result: yes
configure:8671: checking if gcc supports -c -o file.o
configure:8692: gcc -c -O2 -pipe -g -Wp,-D_FORTIFY_SOURCE=2 -Wp,-D_GLIBCXX_ASSERTIONS -fexceptions -fstack-protector-strong -grecord-gcc-switches -fasynchronous-unwind-tables -fstack-clash-protection -fcf-protection -fno-omit-frame-pointer   -o out/conftest2.o conftest.c >&5
configure:8696: $? = 0
configure:8718: result: yes
configure:8726: checking if gcc supports -c -o file.o
configure:8773: result: yes
configure:8806: checking whether the gcc linker (/usr/x86_64-unknown-linux-gnu/bin/ld -m elf_x86_64) supports shared libraries
configure:9963: result: yes
configure:10000: checking whether -lc should be explicitly linked in
configure:10008: gcc -c -O2 -pipe -g -Wp,-D_FORTIFY_SOURCE=2 -Wp,-D_GLIBCXX_ASSERTIONS -fexceptions -fstack-protector-strong -grecord-gcc-switches -fasynchronous-unwind-tables -fstack-clash-protection -fcf-protection -fno-omit-frame-pointer   conftest.c >&5
configure:10011: $? = 0
configure:10026: gcc -shared  -fPIC -DPIC conftest.o  -v -Wl,-soname -Wl,conftest -o conftest 2\>\&1 \| /usr/bin/grep  -lc  \>/dev/null 2\>\&1
configure:10029: $? = 0
configure:10043: result: no
configure:10203: checking dynamic linker characteristics
configure:10714: gcc -o conftest -O2 -pipe -g -Wp,-D_FORTIFY_SOURCE=2 -Wp,-D_GLIBCXX_ASSERTIONS -fexceptions -fstack-protector-strong -grecord-gcc-switches -fasynchronous-unwind-tables -fstack-clash-protection -fcf-protection -fno-omit-frame-pointer   -L/app/lib -Wl,-z,relro,-z,now -Wl,--as-needed  -Wl,-rpath -Wl,/foo conftest.c  >&5
configure:10714: $? = 0
configure:10948: result: GNU/Linux ld.so
configure:11055: checking how to hardcode library paths into programs
configure:11080: result: immediate
configure:11620: checking whether stripping libraries is possible
configure:11625: result: yes
configure:11660: checking if libtool supports shared libraries
configure:11662: result: yes
configure:11665: checking whether to build shared libraries
configure:11686: result: yes
configure:11689: checking whether to build static libraries
configure:11693: result: no
configure:11733: checking for glib-mkenums
configure:11751: found /app/bin/glib-mkenums
configure:11763: result: /app/bin/glib-mkenums
configure:11773: checking for glib-genmarshal
configure:11791: found /app/bin/glib-genmarshal
configure:11803: result: /app/bin/glib-genmarshal
configure:11866: checking for pkg-config
configure:11884: found /usr/bin/pkg-config
configure:11896: result: /usr/bin/pkg-config
configure:11921: checking pkg-config is at least version 0.9.0
configure:11924: result: yes
configure:11942: checking for gtkdoc-check
configure:11960: found /usr/bin/gtkdoc-check
configure:11972: result: /usr/bin/gtkdoc-check
configure:11984: checking for gtkdoc-rebase
configure:12002: found /usr/bin/gtkdoc-rebase
configure:12014: result: /usr/bin/gtkdoc-rebase
configure:12028: checking for gtkdoc-mkpdf
configure:12046: found /usr/bin/gtkdoc-mkpdf
configure:12058: result: /usr/bin/gtkdoc-mkpdf
configure:12192: checking whether to build gtk-doc documentation
configure:12194: result: no
configure:12283: checking for LIBRARY
configure:12294: $PKG_CONFIG --exists --print-errors "gtk+-3.0 >= $GTK3_REQUIRED_VERSION
                                     glib-2.0 >= $GLIB_REQUIRED_VERSION
                                     gio-2.0 >= $GIO_REQUIRED_VERSION
                                     indicator3-0.4 >= $INDICATOR_REQUIRED_VERSION
                                     dbusmenu-gtk3-0.4 >= $DBUSMENUGTK_REQUIRED_VERSION"
Package indicator3-0.4 was not found in the pkg-config search path.
Perhaps you should add the directory containing `indicator3-0.4.pc'
to the PKG_CONFIG_PATH environment variable
Package 'indicator3-0.4' not found
configure:12301: $? = 1
configure:12323: $PKG_CONFIG --exists --print-errors "gtk+-3.0 >= $GTK3_REQUIRED_VERSION
                                     glib-2.0 >= $GLIB_REQUIRED_VERSION
                                     gio-2.0 >= $GIO_REQUIRED_VERSION
                                     indicator3-0.4 >= $INDICATOR_REQUIRED_VERSION
                                     dbusmenu-gtk3-0.4 >= $DBUSMENUGTK_REQUIRED_VERSION"
Package indicator3-0.4 was not found in the pkg-config search path.
Perhaps you should add the directory containing `indicator3-0.4.pc'
to the PKG_CONFIG_PATH environment variable
Package 'indicator3-0.4' not found
configure:12330: $? = 1
configure:12348: result: no
Package 'indicator3-0.4' not found
configure:12372: error: Package requirements (gtk+-3.0 >= 2.91
                                     glib-2.0 >= 2.26
                                     gio-2.0 >= 2.26
                                     indicator3-0.4 >= 0.4.93
                                     dbusmenu-gtk3-0.4 >= 0.5.90) were not met:

Package 'indicator3-0.4' not found

Consider adjusting the PKG_CONFIG_PATH environment variable if you
installed software in a non-standard prefix.

Alternatively, you may set the environment variables LIBRARY_CFLAGS
and LIBRARY_LIBS to avoid the need to call pkg-config.
See the pkg-config man page for more details.

## ---------------- ##
## Cache variables. ##
## ---------------- ##

ac_cv_build=x86_64-unknown-linux-gnu
ac_cv_c_compiler_gnu=yes
ac_cv_env_APPINDICATOR_PYTHON_CFLAGS_set=
ac_cv_env_APPINDICATOR_PYTHON_CFLAGS_value=
ac_cv_env_APPINDICATOR_PYTHON_LIBS_set=
ac_cv_env_APPINDICATOR_PYTHON_LIBS_value=
ac_cv_env_CC_set=
ac_cv_env_CC_value=
ac_cv_env_CFLAGS_set=set
ac_cv_env_CFLAGS_value='-O2 -pipe -g -Wp,-D_FORTIFY_SOURCE=2 -Wp,-D_GLIBCXX_ASSERTIONS -fexceptions -fstack-protector-strong -grecord-gcc-switches -fasynchronous-unwind-tables -fstack-clash-protection -fcf-protection -fno-omit-frame-pointer '
ac_cv_env_CPPFLAGS_set=
ac_cv_env_CPPFLAGS_value=
ac_cv_env_CPP_set=
ac_cv_env_CPP_value=
ac_cv_env_GAPI_CFLAGS_set=
ac_cv_env_GAPI_CFLAGS_value=
ac_cv_env_GAPI_LIBS_set=
ac_cv_env_GAPI_LIBS_value=
ac_cv_env_GTKDOC_DEPS_CFLAGS_set=
ac_cv_env_GTKDOC_DEPS_CFLAGS_value=
ac_cv_env_GTKDOC_DEPS_LIBS_set=
ac_cv_env_GTKDOC_DEPS_LIBS_value=
ac_cv_env_GTK_SHARP_CFLAGS_set=
ac_cv_env_GTK_SHARP_CFLAGS_value=
ac_cv_env_GTK_SHARP_LIBS_set=
ac_cv_env_GTK_SHARP_LIBS_value=
ac_cv_env_LDFLAGS_set=set
ac_cv_env_LDFLAGS_value='-L/app/lib -Wl,-z,relro,-z,now -Wl,--as-needed '
ac_cv_env_LIBRARY_CFLAGS_set=
ac_cv_env_LIBRARY_CFLAGS_value=
ac_cv_env_LIBRARY_LIBS_set=
ac_cv_env_LIBRARY_LIBS_value=
ac_cv_env_LIBS_set=
ac_cv_env_LIBS_value=
ac_cv_env_MONO_DEPENDENCY_CFLAGS_set=
ac_cv_env_MONO_DEPENDENCY_CFLAGS_value=
ac_cv_env_MONO_DEPENDENCY_LIBS_set=
ac_cv_env_MONO_DEPENDENCY_LIBS_value=
ac_cv_env_MONO_NUNIT_CFLAGS_set=
ac_cv_env_MONO_NUNIT_CFLAGS_value=
ac_cv_env_MONO_NUNIT_LIBS_set=
ac_cv_env_MONO_NUNIT_LIBS_value=
ac_cv_env_NUNIT_CFLAGS_set=
ac_cv_env_NUNIT_CFLAGS_value=
ac_cv_env_NUNIT_LIBS_set=
ac_cv_env_NUNIT_LIBS_value=
ac_cv_env_PKG_CONFIG_LIBDIR_set=
ac_cv_env_PKG_CONFIG_LIBDIR_value=
ac_cv_env_PKG_CONFIG_PATH_set=set
ac_cv_env_PKG_CONFIG_PATH_value=/app/lib/pkgconfig:/app/share/pkgconfig:/usr/lib/pkgconfig:/usr/share/pkgconfig
ac_cv_env_PKG_CONFIG_set=
ac_cv_env_PKG_CONFIG_value=
ac_cv_env_TESTDEPS_CFLAGS_set=
ac_cv_env_TESTDEPS_CFLAGS_value=
ac_cv_env_TESTDEPS_LIBS_set=
ac_cv_env_TESTDEPS_LIBS_value=
ac_cv_env_build_alias_set=
ac_cv_env_build_alias_value=
ac_cv_env_host_alias_set=
ac_cv_env_host_alias_value=
ac_cv_env_target_alias_set=
ac_cv_env_target_alias_value=
ac_cv_header_dlfcn_h=yes
ac_cv_header_inttypes_h=yes
ac_cv_header_memory_h=yes
ac_cv_header_stdc=yes
ac_cv_header_stdint_h=yes
ac_cv_header_stdlib_h=yes
ac_cv_header_string_h=yes
ac_cv_header_strings_h=yes
ac_cv_header_sys_stat_h=yes
ac_cv_header_sys_types_h=yes
ac_cv_header_unistd_h=yes
ac_cv_host=x86_64-unknown-linux-gnu
ac_cv_objext=o
ac_cv_path_EGREP='/usr/bin/grep -E'
ac_cv_path_FGREP='/usr/bin/grep -F'
ac_cv_path_GLIB_GENMARSHAL=/app/bin/glib-genmarshal
ac_cv_path_GLIB_MKENUMS=/app/bin/glib-mkenums
ac_cv_path_GREP=/usr/bin/grep
ac_cv_path_GTKDOC_CHECK=/usr/bin/gtkdoc-check
ac_cv_path_GTKDOC_MKPDF=/usr/bin/gtkdoc-mkpdf
ac_cv_path_GTKDOC_REBASE=/usr/bin/gtkdoc-rebase
ac_cv_path_SED=/usr/bin/sed
ac_cv_path_ac_pt_PKG_CONFIG=/usr/bin/pkg-config
ac_cv_path_install='/usr/bin/install -c'
ac_cv_path_mkdir=/usr/bin/mkdir
ac_cv_prog_AWK=gawk
ac_cv_prog_CPP='gcc -E'
ac_cv_prog_ac_ct_AR=ar
ac_cv_prog_ac_ct_CC=gcc
ac_cv_prog_ac_ct_OBJDUMP=objdump
ac_cv_prog_ac_ct_RANLIB=ranlib
ac_cv_prog_ac_ct_STRIP=strip
ac_cv_prog_cc_c89=
ac_cv_prog_cc_g=yes
ac_cv_prog_cc_gcc_c_o=yes
ac_cv_prog_make_make_set=yes
am_cv_CC_dependencies_compiler_type=gcc3
am_cv_make_support_nested_variables=yes
am_cv_prog_tar_pax=gnutar
lt_cv_ar_at_file=@
lt_cv_archive_cmds_need_lc=no
lt_cv_deplibs_check_method=pass_all
lt_cv_file_magic_cmd='$MAGIC_CMD'
lt_cv_file_magic_test_file=
lt_cv_ld_reload_flag=-r
lt_cv_nm_interface='BSD nm'
lt_cv_objdir=.libs
lt_cv_path_LD=/usr/x86_64-unknown-linux-gnu/bin/ld
lt_cv_path_NM='/usr/bin/nm -B'
lt_cv_path_mainfest_tool=no
lt_cv_prog_compiler_c_o=yes
lt_cv_prog_compiler_pic='-fPIC -DPIC'
lt_cv_prog_compiler_pic_works=yes
lt_cv_prog_compiler_rtti_exceptions=no
lt_cv_prog_compiler_static_works=yes
lt_cv_prog_gnu_ld=yes
lt_cv_sharedlib_from_linklib_cmd='printf %s\n'
lt_cv_shlibpath_overrides_runpath=no
lt_cv_sys_global_symbol_pipe='sed -n -e '\''s/^.*[	 ]\([ABCDGIRSTW][ABCDGIRSTW]*\)[	 ][	 ]*\([_A-Za-z][_A-Za-z0-9]*\)$/\1 \2 \2/p'\'' | sed '\''/ __gnu_lto/d'\'''
lt_cv_sys_global_symbol_to_c_name_address='sed -n -e '\''s/^: \([^ ]*\)[ ]*$/  {\"\1\", (void *) 0},/p'\'' -e '\''s/^[ABCDGIRSTW]* \([^ ]*\) \([^ ]*\)$/  {"\2", (void *) \&\2},/p'\'''
lt_cv_sys_global_symbol_to_c_name_address_lib_prefix='sed -n -e '\''s/^: \([^ ]*\)[ ]*$/  {\"\1\", (void *) 0},/p'\'' -e '\''s/^[ABCDGIRSTW]* \([^ ]*\) \(lib[^ ]*\)$/  {"\2", (void *) \&\2},/p'\'' -e '\''s/^[ABCDGIRSTW]* \([^ ]*\) \([^ ]*\)$/  {"lib\2", (void *) \&\2},/p'\'''
lt_cv_sys_global_symbol_to_cdecl='sed -n -e '\''s/^T .* \(.*\)$/extern int \1();/p'\'' -e '\''s/^[ABCDGIRSTW]* .* \(.*\)$/extern char \1;/p'\'''
lt_cv_sys_max_cmd_len=1572864
lt_cv_to_host_file_cmd=func_convert_file_noop
lt_cv_to_tool_file_cmd=func_convert_file_noop

## ----------------- ##
## Output variables. ##
## ----------------- ##

ACLOCAL='${SHELL} /run/build/libappindicator3/missing --run aclocal-1.11'
AL=''
AMDEPBACKSLASH='\'
AMDEP_FALSE='#'
AMDEP_TRUE=''
AMTAR='$${TAR-tar}'
AM_BACKSLASH='\'
AM_DEFAULT_V='$(AM_DEFAULT_VERBOSITY)'
AM_DEFAULT_VERBOSITY='0'
AM_V='$(V)'
APPINDICATOR_PYTHON_CFLAGS=''
APPINDICATOR_PYTHON_LIBS=''
AR='ar'
AUTOCONF='${SHELL} /run/build/libappindicator3/missing --run autoconf'
AUTOHEADER='${SHELL} /run/build/libappindicator3/missing --run autoheader'
AUTOMAKE='${SHELL} /run/build/libappindicator3/missing --run automake-1.11'
AWK='gawk'
BUILD_MONO_TEST_FALSE=''
BUILD_MONO_TEST_TRUE=''
CC='gcc'
CCDEPMODE='depmode=gcc3'
CFLAGS='-O2 -pipe -g -Wp,-D_FORTIFY_SOURCE=2 -Wp,-D_GLIBCXX_ASSERTIONS -fexceptions -fstack-protector-strong -grecord-gcc-switches -fasynchronous-unwind-tables -fstack-clash-protection -fcf-protection -fno-omit-frame-pointer '
COVERAGE_CFLAGS=''
COVERAGE_CXXFLAGS=''
COVERAGE_LDFLAGS=''
CPP='gcc -E'
CPPFLAGS=''
CSC=''
CYGPATH_W='echo'
DEFS=''
DEPDIR='.deps'
DLLTOOL='false'
DSYMUTIL=''
DUMPBIN=''
ECHO_C=''
ECHO_N='-n'
ECHO_T=''
EGREP='/usr/bin/grep -E'
ENABLE_GTK_DOC_FALSE=''
ENABLE_GTK_DOC_TRUE='#'
EXEEXT=''
FGREP='/usr/bin/grep -F'
GACUTIL=''
GAPI_CFLAGS=''
GAPI_CODEGEN=''
GAPI_FIXUP=''
GAPI_LIBS=''
GAPI_PARSER=''
GCOVR=''
GENERATED_SOURCES=''
GENHTML=''
GLIB_GENMARSHAL='/app/bin/glib-genmarshal'
GLIB_MKENUMS='/app/bin/glib-mkenums'
GREP='/usr/bin/grep'
GTKDOC_CHECK='/usr/bin/gtkdoc-check'
GTKDOC_DEPS_CFLAGS=''
GTKDOC_DEPS_LIBS=''
GTKDOC_MKPDF='/usr/bin/gtkdoc-mkpdf'
GTKDOC_REBASE='/usr/bin/gtkdoc-rebase'
GTK_DOC_BUILD_HTML_FALSE='#'
GTK_DOC_BUILD_HTML_TRUE=''
GTK_DOC_BUILD_PDF_FALSE=''
GTK_DOC_BUILD_PDF_TRUE='#'
GTK_DOC_USE_LIBTOOL_FALSE='#'
GTK_DOC_USE_LIBTOOL_TRUE=''
GTK_DOC_USE_REBASE_FALSE='#'
GTK_DOC_USE_REBASE_TRUE=''
GTK_SHARP_CFLAGS=''
GTK_SHARP_LIBS=''
HAS_MONO_FALSE=''
HAS_MONO_TRUE=''
HAVE_GCOVR_FALSE=''
HAVE_GCOVR_TRUE=''
HAVE_GCOV_FALSE=''
HAVE_GCOV_TRUE=''
HAVE_INTROSPECTION_FALSE=''
HAVE_INTROSPECTION_TRUE=''
HAVE_LCOV_FALSE=''
HAVE_LCOV_TRUE=''
HAVE_VALAC_FALSE=''
HAVE_VALAC_TRUE=''
HAVE_VAPIGEN_FALSE=''
HAVE_VAPIGEN_TRUE=''
HTML_DIR='${datadir}/gtk-doc/html'
INSTALL_DATA='${INSTALL} -m 644'
INSTALL_PROGRAM='${INSTALL}'
INSTALL_SCRIPT='${INSTALL}'
INSTALL_STRIP_PROGRAM='$(install_sh) -c -s'
INTROSPECTION_CFLAGS=''
INTROSPECTION_COMPILER=''
INTROSPECTION_GENERATE=''
INTROSPECTION_GIRDIR='/app/share/gir-1.0'
INTROSPECTION_LIBS=''
INTROSPECTION_MAKEFILE=''
INTROSPECTION_SCANNER=''
INTROSPECTION_TEN_FALSE=''
INTROSPECTION_TEN_TRUE=''
INTROSPECTION_TYPELIBDIR='/app/lib/girepository-1.0'
LCOV=''
LD='/usr/x86_64-unknown-linux-gnu/bin/ld -m elf_x86_64'
LDFLAGS='-L/app/lib -Wl,-z,relro,-z,now -Wl,--as-needed '
LIBOBJS=''
LIBRARY_CFLAGS=''
LIBRARY_LIBS=''
LIBS=''
LIBTOOL='$(SHELL) $(top_builddir)/libtool'
LIB_PREFIX=''
LIB_SUFFIX=''
LIPO=''
LN_S='ln -s'
LTLIBOBJS=''
MAINT=''
MAINTAINER_MODE_FALSE='#'
MAINTAINER_MODE_TRUE=''
MAKEINFO='${SHELL} /run/build/libappindicator3/missing --run makeinfo'
MANIFEST_TOOL=':'
MKDIR_P='/usr/bin/mkdir -p'
MONO_DEPENDENCY_CFLAGS=''
MONO_DEPENDENCY_LIBS=''
MONO_NUNIT_CFLAGS=''
MONO_NUNIT_LIBS=''
NM='/usr/bin/nm -B'
NMEDIT=''
NUNIT_CFLAGS=''
NUNIT_LIBS=''
OBJDUMP='objdump'
OBJEXT='o'
OTOOL64=''
OTOOL=''
PACKAGE='libappindicator'
PACKAGE_BUGREPORT='http://bugs.launchpad.net/libappindicator'
PACKAGE_NAME='libappindicator'
PACKAGE_STRING='libappindicator 12.10.0'
PACKAGE_TARNAME='libappindicator'
PACKAGE_URL='http://launchpad.net/libappindicator'
PACKAGE_VERSION='12.10.0'
PATH_SEPARATOR=':'
PKG_CONFIG='/usr/bin/pkg-config'
PKG_CONFIG_LIBDIR=''
PKG_CONFIG_PATH='/app/lib/pkgconfig:/app/share/pkgconfig:/usr/lib/pkgconfig:/usr/share/pkgconfig'
PYGTK_CODEGEN=''
PYGTK_DEFSDIR=''
PYTHON=''
PYTHON_EXEC_PREFIX=''
PYTHON_INCLUDES=''
PYTHON_PLATFORM=''
PYTHON_PREFIX=''
PYTHON_VERSION=''
RANLIB='ranlib'
RUNTIME=''
SED='/usr/bin/sed'
SET_MAKE=''
SHELL='/bin/sh'
SHTOOL=''
STRIP='strip'
TESTDEPS_CFLAGS=''
TESTDEPS_LIBS=''
USE_GTK3_FALSE=''
USE_GTK3_TRUE=''
VALAC=''
VALA_API_GEN=''
VERSION='12.10.0'
WANT_TESTS_FALSE=''
WANT_TESTS_TRUE=''
ac_ct_AR='ar'
ac_ct_CC='gcc'
ac_ct_DUMPBIN=''
am__EXEEXT_FALSE=''
am__EXEEXT_TRUE=''
am__fastdepCC_FALSE='#'
am__fastdepCC_TRUE=''
am__include='include'
am__isrc=''
am__leading_dot='.'
am__nodep='_no'
am__quote=''
am__tar='tar --format=posix -chf - "$$tardir"'
am__untar='tar -xf -'
bindir='${exec_prefix}/bin'
build='x86_64-unknown-linux-gnu'
build_alias=''
build_cpu='x86_64'
build_os='linux-gnu'
build_vendor='unknown'
datadir='${datarootdir}'
datarootdir='/app/share'
docdir='${datarootdir}/doc/${PACKAGE_TARNAME}'
dvidir='${docdir}'
exec_prefix='NONE'
host='x86_64-unknown-linux-gnu'
host_alias=''
host_cpu='x86_64'
host_os='linux-gnu'
host_vendor='unknown'
htmldir='${docdir}'
includedir='${prefix}/include'
infodir='${datarootdir}/info'
install_sh='${SHELL} /run/build/libappindicator3/install-sh'
libdir='/app/lib'
libexecdir='/app/lib'
localedir='${datarootdir}/locale'
localstatedir='${prefix}/var'
mandir='${datarootdir}/man'
mkdir_p='/usr/bin/mkdir -p'
oldincludedir='/usr/include'
pdfdir='${docdir}'
pkgpyexecdir=''
pkgpythondir=''
prefix='/app'
program_transform_name='s,x,x,'
psdir='${docdir}'
pyexecdir=''
pythondir=''
sbindir='${exec_prefix}/sbin'
sharedstatedir='${prefix}/com'
sysconfdir='${prefix}/etc'
target_alias=''

## ----------- ##
## confdefs.h. ##
## ----------- ##

/* confdefs.h */
#define PACKAGE_NAME "libappindicator"
#define PACKAGE_TARNAME "libappindicator"
#define PACKAGE_VERSION "12.10.0"
#define PACKAGE_STRING "libappindicator 12.10.0"
#define PACKAGE_BUGREPORT "http://bugs.launchpad.net/libappindicator"
#define PACKAGE_URL "http://launchpad.net/libappindicator"
#define PACKAGE "libappindicator"
#define VERSION "12.10.0"
#define STDC_HEADERS 1
#define HAVE_SYS_TYPES_H 1
#define HAVE_SYS_STAT_H 1
#define HAVE_STDLIB_H 1
#define HAVE_STRING_H 1
#define HAVE_MEMORY_H 1
#define HAVE_STRINGS_H 1
#define HAVE_INTTYPES_H 1
#define HAVE_STDINT_H 1
#define HAVE_UNISTD_H 1
#define HAVE_DLFCN_H 1
#define LT_OBJDIR ".libs/"

configure: exit 1
