This file contains any messages produced by compilers while
running configure, to aid debugging if configure makes a mistake.

It was created by libdbusmenu configure 16.04.0, which was
generated by GNU Autoconf 2.69.  Invocation command line was

  $ ./configure --prefix=/app --disable-static --with-gtk=3 --enable-gtk3 --disable-dumper --prefix=/app --libdir=/app/lib --with-girdir=/app/share/gir-1.0 --with-typelibdir=/app/lib/girepository-1.0 --libexecdir=/app/lib --datarootdir=/app/share

## --------- ##
## Platform. ##
## --------- ##

hostname = steamdeck
uname -m = x86_64
uname -r = 6.5.0-valve23-1-neptune-65-g385b5e207ae2
uname -s = Linux
uname -v = #1 SMP PREEMPT_DYNAMIC Fri, 13 Dec 2024 00:16:59 +0000

/usr/bin/uname -p = unknown
/bin/uname -X     = unknown

/bin/arch              = x86_64
/usr/bin/arch -k       = unknown
/usr/convex/getsysinfo = unknown
/usr/bin/hostinfo      = unknown
/bin/machine           = unknown
/usr/bin/oslevel       = unknown
/bin/universe          = unknown

PATH: /app/bin
PATH: /usr/bin


## ----------- ##
## Core tests. ##
## ----------- ##

configure:2481: checking for a BSD-compatible install
configure:2549: result: /usr/bin/install -c
configure:2560: checking whether build environment is sane
configure:2615: result: yes
configure:2766: checking for a thread-safe mkdir -p
configure:2805: result: /usr/bin/mkdir -p
configure:2812: checking for gawk
configure:2828: found /usr/bin/gawk
configure:2839: result: gawk
configure:2850: checking whether make sets $(MAKE)
configure:2872: result: yes
configure:2901: checking whether make supports nested variables
configure:2918: result: yes
configure:3038: checking whether to enable maintainer-specific portions of Makefiles
configure:3047: result: no
configure:3062: checking whether NLS is requested
configure:3071: result: yes
configure:3089: checking for intltool >= 0.35.0
configure:3091: result: 0.51.0 found
configure:3099: checking for intltool-update
configure:3117: found /app/bin/intltool-update
configure:3129: result: /app/bin/intltool-update
configure:3139: checking for intltool-merge
configure:3157: found /app/bin/intltool-merge
configure:3169: result: /app/bin/intltool-merge
configure:3179: checking for intltool-extract
configure:3197: found /app/bin/intltool-extract
configure:3209: result: /app/bin/intltool-extract
configure:3363: checking for xgettext
configure:3381: found /usr/bin/xgettext
configure:3393: result: /usr/bin/xgettext
configure:3403: checking for msgmerge
configure:3421: found /usr/bin/msgmerge
configure:3433: result: /usr/bin/msgmerge
configure:3443: checking for msgfmt
configure:3461: found /usr/bin/msgfmt
configure:3473: result: /usr/bin/msgfmt
configure:3483: checking for gmsgfmt
configure:3514: result: /usr/bin/msgfmt
configure:3534: checking for perl
configure:3552: found /usr/bin/perl
configure:3564: result: /usr/bin/perl
configure:3575: checking for perl >= 5.8.1
configure:3582: result: 5.38.2
configure:3586: checking for XML::Parser
configure:3589: result: ok
configure:3614: checking for style of include used by make
configure:3642: result: GNU
configure:3713: checking for gcc
configure:3729: found /usr/bin/gcc
configure:3740: result: gcc
configure:3969: checking for C compiler version
configure:3978: gcc --version >&5
gcc (GCC) 13.2.0
Copyright (C) 2023 Free Software Foundation, Inc.
This is free software; see the source for copying conditions.  There is NO
warranty; not even for MERCHANTABILITY or FITNESS FOR A PARTICULAR PURPOSE.

configure:3989: $? = 0
configure:3978: gcc -v >&5
Using built-in specs.
COLLECT_GCC=gcc
COLLECT_LTO_WRAPPER=/usr/libexec/gcc/x86_64-unknown-linux-gnu/13.2.0/lto-wrapper
Target: x86_64-unknown-linux-gnu
Configured with: ../configure --prefix=/usr --exec-prefix=/usr --bindir=/usr/bin --sbindir=/usr/bin --sysconfdir=/etc --datadir=/usr/share --includedir=/usr/include --libdir=/usr/lib --libexecdir=/usr/libexec --localstatedir=/var --sharedstatedir=/usr/com --mandir=/usr/share/man --infodir=/usr/share/info --enable-deterministic-archives --enable-shared --build=x86_64-bootstrapper-linux-gnu --host=x86_64-unknown-linux-gnu lt_cv_sys_lib_dlsearch_path_spec=/usr/lib/x86_64-linux-gnu --target=x86_64-unknown-linux-gnu --disable-multilib --enable-multiarch --disable-bootstrap --with-build-sysroot=/cross-installation --enable-languages=c,c++,fortran,objc,obj-c++ --enable-default-pie --enable-default-ssp --with-isl --disable-libssp --enable-linker-build-id --disable-libstdcxx-filesystem-ts --enable-cet host_configargs=lt_cv_sys_lib_dlsearch_path_spec=/usr/lib/x86_64-linux-gnu target_configargs=lt_cv_sys_lib_dlsearch_path_spec=/usr/lib/x86_64-linux-gnu --with-tune=generic
Thread model: posix
Supported LTO compression algorithms: zlib
gcc version 13.2.0 (GCC) 
configure:3989: $? = 0
configure:3978: gcc -V >&5
gcc: error: unrecognized command-line option '-V'
gcc: fatal error: no input files
compilation terminated.
configure:3989: $? = 1
configure:3978: gcc -qversion >&5
gcc: error: unrecognized command-line option '-qversion'; did you mean '--version'?
gcc: fatal error: no input files
compilation terminated.
configure:3989: $? = 1
configure:4009: checking whether the C compiler works
configure:4031: gcc -O2 -pipe -g -Wp,-D_FORTIFY_SOURCE=2 -Wp,-D_GLIBCXX_ASSERTIONS -fexceptions -fstack-protector-strong -grecord-gcc-switches -fasynchronous-unwind-tables -fstack-clash-protection -fcf-protection -fno-omit-frame-pointer  -Wno-error  -L/app/lib -Wl,-z,relro,-z,now -Wl,--as-needed  conftest.c  >&5
configure:4035: $? = 0
configure:4083: result: yes
configure:4086: checking for C compiler default output file name
configure:4088: result: a.out
configure:4094: checking for suffix of executables
configure:4101: gcc -o conftest -O2 -pipe -g -Wp,-D_FORTIFY_SOURCE=2 -Wp,-D_GLIBCXX_ASSERTIONS -fexceptions -fstack-protector-strong -grecord-gcc-switches -fasynchronous-unwind-tables -fstack-clash-protection -fcf-protection -fno-omit-frame-pointer  -Wno-error  -L/app/lib -Wl,-z,relro,-z,now -Wl,--as-needed  conftest.c  >&5
configure:4105: $? = 0
configure:4127: result: 
configure:4149: checking whether we are cross compiling
configure:4157: gcc -o conftest -O2 -pipe -g -Wp,-D_FORTIFY_SOURCE=2 -Wp,-D_GLIBCXX_ASSERTIONS -fexceptions -fstack-protector-strong -grecord-gcc-switches -fasynchronous-unwind-tables -fstack-clash-protection -fcf-protection -fno-omit-frame-pointer  -Wno-error  -L/app/lib -Wl,-z,relro,-z,now -Wl,--as-needed  conftest.c  >&5
configure:4161: $? = 0
configure:4168: ./conftest
configure:4172: $? = 0
configure:4187: result: no
configure:4192: checking for suffix of object files
configure:4214: gcc -c -O2 -pipe -g -Wp,-D_FORTIFY_SOURCE=2 -Wp,-D_GLIBCXX_ASSERTIONS -fexceptions -fstack-protector-strong -grecord-gcc-switches -fasynchronous-unwind-tables -fstack-clash-protection -fcf-protection -fno-omit-frame-pointer  -Wno-error  conftest.c >&5
configure:4218: $? = 0
configure:4239: result: o
configure:4243: checking whether we are using the GNU C compiler
configure:4262: gcc -c -O2 -pipe -g -Wp,-D_FORTIFY_SOURCE=2 -Wp,-D_GLIBCXX_ASSERTIONS -fexceptions -fstack-protector-strong -grecord-gcc-switches -fasynchronous-unwind-tables -fstack-clash-protection -fcf-protection -fno-omit-frame-pointer  -Wno-error  conftest.c >&5
configure:4262: $? = 0
configure:4271: result: yes
configure:4280: checking whether gcc accepts -g
configure:4300: gcc -c -g  conftest.c >&5
configure:4300: $? = 0
configure:4341: result: yes
configure:4358: checking for gcc option to accept ISO C89
configure:4421: gcc  -c -O2 -pipe -g -Wp,-D_FORTIFY_SOURCE=2 -Wp,-D_GLIBCXX_ASSERTIONS -fexceptions -fstack-protector-strong -grecord-gcc-switches -fasynchronous-unwind-tables -fstack-clash-protection -fcf-protection -fno-omit-frame-pointer  -Wno-error  conftest.c >&5
configure:4421: $? = 0
configure:4434: result: none needed
configure:4459: checking whether gcc understands -c and -o together
configure:4481: gcc -c conftest.c -o conftest2.o
configure:4484: $? = 0
configure:4481: gcc -c conftest.c -o conftest2.o
configure:4484: $? = 0
configure:4496: result: yes
configure:4515: checking dependency style of gcc
configure:4626: result: gcc3
configure:4642: checking for library containing strerror
configure:4673: gcc -o conftest -O2 -pipe -g -Wp,-D_FORTIFY_SOURCE=2 -Wp,-D_GLIBCXX_ASSERTIONS -fexceptions -fstack-protector-strong -grecord-gcc-switches -fasynchronous-unwind-tables -fstack-clash-protection -fcf-protection -fno-omit-frame-pointer  -Wno-error  -L/app/lib -Wl,-z,relro,-z,now -Wl,--as-needed  conftest.c  >&5
configure:4673: $? = 0
configure:4690: result: none required
configure:4746: checking for gcc
configure:4773: result: gcc
configure:5002: checking for C compiler version
configure:5011: gcc --version >&5
gcc (GCC) 13.2.0
Copyright (C) 2023 Free Software Foundation, Inc.
This is free software; see the source for copying conditions.  There is NO
warranty; not even for MERCHANTABILITY or FITNESS FOR A PARTICULAR PURPOSE.

configure:5022: $? = 0
configure:5011: gcc -v >&5
Using built-in specs.
COLLECT_GCC=gcc
COLLECT_LTO_WRAPPER=/usr/libexec/gcc/x86_64-unknown-linux-gnu/13.2.0/lto-wrapper
Target: x86_64-unknown-linux-gnu
Configured with: ../configure --prefix=/usr --exec-prefix=/usr --bindir=/usr/bin --sbindir=/usr/bin --sysconfdir=/etc --datadir=/usr/share --includedir=/usr/include --libdir=/usr/lib --libexecdir=/usr/libexec --localstatedir=/var --sharedstatedir=/usr/com --mandir=/usr/share/man --infodir=/usr/share/info --enable-deterministic-archives --enable-shared --build=x86_64-bootstrapper-linux-gnu --host=x86_64-unknown-linux-gnu lt_cv_sys_lib_dlsearch_path_spec=/usr/lib/x86_64-linux-gnu --target=x86_64-unknown-linux-gnu --disable-multilib --enable-multiarch --disable-bootstrap --with-build-sysroot=/cross-installation --enable-languages=c,c++,fortran,objc,obj-c++ --enable-default-pie --enable-default-ssp --with-isl --disable-libssp --enable-linker-build-id --disable-libstdcxx-filesystem-ts --enable-cet host_configargs=lt_cv_sys_lib_dlsearch_path_spec=/usr/lib/x86_64-linux-gnu target_configargs=lt_cv_sys_lib_dlsearch_path_spec=/usr/lib/x86_64-linux-gnu --with-tune=generic
Thread model: posix
Supported LTO compression algorithms: zlib
gcc version 13.2.0 (GCC) 
configure:5022: $? = 0
configure:5011: gcc -V >&5
gcc: error: unrecognized command-line option '-V'
gcc: fatal error: no input files
compilation terminated.
configure:5022: $? = 1
configure:5011: gcc -qversion >&5
gcc: error: unrecognized command-line option '-qversion'; did you mean '--version'?
gcc: fatal error: no input files
compilation terminated.
configure:5022: $? = 1
configure:5026: checking whether we are using the GNU C compiler
configure:5054: result: yes
configure:5063: checking whether gcc accepts -g
configure:5124: result: yes
configure:5141: checking for gcc option to accept ISO C89
configure:5217: result: none needed
configure:5242: checking whether gcc understands -c and -o together
configure:5279: result: yes
configure:5298: checking dependency style of gcc
configure:5409: result: gcc3
configure:5430: checking how to run the C preprocessor
configure:5461: gcc -E  conftest.c
configure:5461: $? = 0
configure:5475: gcc -E  conftest.c
conftest.c:9:10: fatal error: ac_nonexistent.h: No such file or directory
    9 | #include <ac_nonexistent.h>
      |          ^~~~~~~~~~~~~~~~~~
compilation terminated.
configure:5475: $? = 1
configure: failed program was:
| /* confdefs.h */
| #define PACKAGE_NAME "libdbusmenu"
| #define PACKAGE_TARNAME "libdbusmenu"
| #define PACKAGE_VERSION "16.04.0"
| #define PACKAGE_STRING "libdbusmenu 16.04.0"
| #define PACKAGE_BUGREPORT "ted@canonical.com"
| #define PACKAGE_URL ""
| /* end confdefs.h.  */
| #include <ac_nonexistent.h>
configure:5500: result: gcc -E
configure:5520: gcc -E  conftest.c
configure:5520: $? = 0
configure:5534: gcc -E  conftest.c
conftest.c:9:10: fatal error: ac_nonexistent.h: No such file or directory
    9 | #include <ac_nonexistent.h>
      |          ^~~~~~~~~~~~~~~~~~
compilation terminated.
configure:5534: $? = 1
configure: failed program was:
| /* confdefs.h */
| #define PACKAGE_NAME "libdbusmenu"
| #define PACKAGE_TARNAME "libdbusmenu"
| #define PACKAGE_VERSION "16.04.0"
| #define PACKAGE_STRING "libdbusmenu 16.04.0"
| #define PACKAGE_BUGREPORT "ted@canonical.com"
| #define PACKAGE_URL ""
| /* end confdefs.h.  */
| #include <ac_nonexistent.h>
configure:5563: checking for grep that handles long lines and -e
configure:5621: result: /usr/bin/grep
configure:5626: checking for egrep
configure:5688: result: /usr/bin/grep -E
configure:5693: checking for ANSI C header files
configure:5713: gcc -c -O2 -pipe -g -Wp,-D_FORTIFY_SOURCE=2 -Wp,-D_GLIBCXX_ASSERTIONS -fexceptions -fstack-protector-strong -grecord-gcc-switches -fasynchronous-unwind-tables -fstack-clash-protection -fcf-protection -fno-omit-frame-pointer  -Wno-error  conftest.c >&5
configure:5713: $? = 0
configure:5786: gcc -o conftest -O2 -pipe -g -Wp,-D_FORTIFY_SOURCE=2 -Wp,-D_GLIBCXX_ASSERTIONS -fexceptions -fstack-protector-strong -grecord-gcc-switches -fasynchronous-unwind-tables -fstack-clash-protection -fcf-protection -fno-omit-frame-pointer  -Wno-error  -L/app/lib -Wl,-z,relro,-z,now -Wl,--as-needed  conftest.c  >&5
configure:5786: $? = 0
configure:5786: ./conftest
configure:5786: $? = 0
configure:5797: result: yes
configure:5834: checking build system type
configure:5848: result: x86_64-pc-linux-gnu
configure:5868: checking host system type
configure:5881: result: x86_64-pc-linux-gnu
configure:5922: checking how to print strings
configure:5949: result: printf
configure:5970: checking for a sed that does not truncate output
configure:6034: result: /usr/bin/sed
configure:6052: checking for fgrep
configure:6114: result: /usr/bin/grep -F
configure:6149: checking for ld used by gcc
configure:6216: result: /usr/x86_64-unknown-linux-gnu/bin/ld
configure:6223: checking if the linker (/usr/x86_64-unknown-linux-gnu/bin/ld) is GNU ld
configure:6238: result: yes
configure:6250: checking for BSD- or MS-compatible name lister (nm)
configure:6304: result: /usr/bin/nm -B
configure:6434: checking the name lister (/usr/bin/nm -B) interface
configure:6441: gcc -c -O2 -pipe -g -Wp,-D_FORTIFY_SOURCE=2 -Wp,-D_GLIBCXX_ASSERTIONS -fexceptions -fstack-protector-strong -grecord-gcc-switches -fasynchronous-unwind-tables -fstack-clash-protection -fcf-protection -fno-omit-frame-pointer  -Wno-error  conftest.c >&5
configure:6444: /usr/bin/nm -B "conftest.o"
configure:6447: output
0000000000000000 B some_variable
configure:6454: result: BSD nm
configure:6457: checking whether ln -s works
configure:6461: result: yes
configure:6469: checking the maximum length of command line arguments
configure:6600: result: 1572864
configure:6648: checking how to convert x86_64-pc-linux-gnu file names to x86_64-pc-linux-gnu format
configure:6688: result: func_convert_file_noop
configure:6695: checking how to convert x86_64-pc-linux-gnu file names to toolchain format
configure:6715: result: func_convert_file_noop
configure:6722: checking for /usr/x86_64-unknown-linux-gnu/bin/ld option to reload object files
configure:6729: result: -r
configure:6803: checking for objdump
configure:6819: found /usr/bin/objdump
configure:6830: result: objdump
configure:6862: checking how to recognize dependent libraries
configure:7062: result: pass_all
configure:7147: checking for dlltool
configure:7177: result: no
configure:7207: checking how to associate runtime and link libraries
configure:7234: result: printf %s\n
configure:7294: checking for ar
configure:7310: found /usr/bin/ar
configure:7321: result: ar
configure:7358: checking for archiver @FILE support
configure:7375: gcc -c -O2 -pipe -g -Wp,-D_FORTIFY_SOURCE=2 -Wp,-D_GLIBCXX_ASSERTIONS -fexceptions -fstack-protector-strong -grecord-gcc-switches -fasynchronous-unwind-tables -fstack-clash-protection -fcf-protection -fno-omit-frame-pointer  -Wno-error  conftest.c >&5
configure:7375: $? = 0
configure:7378: ar cru libconftest.a @conftest.lst >&5
ar: `u' modifier ignored since `D' is the default (see `U')
configure:7381: $? = 0
configure:7386: ar cru libconftest.a @conftest.lst >&5
ar: `u' modifier ignored since `D' is the default (see `U')
ar: conftest.o: No such file or directory
configure:7389: $? = 1
configure:7401: result: @
configure:7459: checking for strip
configure:7475: found /usr/bin/strip
configure:7486: result: strip
configure:7558: checking for ranlib
configure:7574: found /usr/bin/ranlib
configure:7585: result: ranlib
configure:7687: checking command to parse /usr/bin/nm -B output from gcc object
configure:7840: gcc -c -O2 -pipe -g -Wp,-D_FORTIFY_SOURCE=2 -Wp,-D_GLIBCXX_ASSERTIONS -fexceptions -fstack-protector-strong -grecord-gcc-switches -fasynchronous-unwind-tables -fstack-clash-protection -fcf-protection -fno-omit-frame-pointer  -Wno-error  conftest.c >&5
configure:7843: $? = 0
configure:7847: /usr/bin/nm -B conftest.o \| sed -n -e 's/^.*[ ]\([ABCDGIRSTW][ABCDGIRSTW]*\)[ ][ ]*\([_A-Za-z][_A-Za-z0-9]*\)$/\1 \2 \2/p' | sed '/ __gnu_lto/d' \> conftest.nm
configure:7850: $? = 0
configure:7916: gcc -o conftest -O2 -pipe -g -Wp,-D_FORTIFY_SOURCE=2 -Wp,-D_GLIBCXX_ASSERTIONS -fexceptions -fstack-protector-strong -grecord-gcc-switches -fasynchronous-unwind-tables -fstack-clash-protection -fcf-protection -fno-omit-frame-pointer  -Wno-error  -L/app/lib -Wl,-z,relro,-z,now -Wl,--as-needed  conftest.c conftstm.o >&5
configure:7919: $? = 0
configure:7957: result: ok
configure:8004: checking for sysroot
configure:8034: result: no
configure:8041: checking for a working dd
configure:8079: result: /usr/bin/dd
configure:8083: checking how to truncate binary pipes
configure:8098: result: /usr/bin/dd bs=4096 count=1
configure:8234: gcc -c -O2 -pipe -g -Wp,-D_FORTIFY_SOURCE=2 -Wp,-D_GLIBCXX_ASSERTIONS -fexceptions -fstack-protector-strong -grecord-gcc-switches -fasynchronous-unwind-tables -fstack-clash-protection -fcf-protection -fno-omit-frame-pointer  -Wno-error  conftest.c >&5
configure:8237: $? = 0
configure:8427: checking for mt
configure:8457: result: no
configure:8477: checking if : is a manifest tool
configure:8483: : '-?'
configure:8491: result: no
configure:9168: checking for sys/types.h
configure:9168: gcc -c -O2 -pipe -g -Wp,-D_FORTIFY_SOURCE=2 -Wp,-D_GLIBCXX_ASSERTIONS -fexceptions -fstack-protector-strong -grecord-gcc-switches -fasynchronous-unwind-tables -fstack-clash-protection -fcf-protection -fno-omit-frame-pointer  -Wno-error  conftest.c >&5
configure:9168: $? = 0
configure:9168: result: yes
configure:9168: checking for sys/stat.h
configure:9168: gcc -c -O2 -pipe -g -Wp,-D_FORTIFY_SOURCE=2 -Wp,-D_GLIBCXX_ASSERTIONS -fexceptions -fstack-protector-strong -grecord-gcc-switches -fasynchronous-unwind-tables -fstack-clash-protection -fcf-protection -fno-omit-frame-pointer  -Wno-error  conftest.c >&5
configure:9168: $? = 0
configure:9168: result: yes
configure:9168: checking for stdlib.h
configure:9168: gcc -c -O2 -pipe -g -Wp,-D_FORTIFY_SOURCE=2 -Wp,-D_GLIBCXX_ASSERTIONS -fexceptions -fstack-protector-strong -grecord-gcc-switches -fasynchronous-unwind-tables -fstack-clash-protection -fcf-protection -fno-omit-frame-pointer  -Wno-error  conftest.c >&5
configure:9168: $? = 0
configure:9168: result: yes
configure:9168: checking for string.h
configure:9168: gcc -c -O2 -pipe -g -Wp,-D_FORTIFY_SOURCE=2 -Wp,-D_GLIBCXX_ASSERTIONS -fexceptions -fstack-protector-strong -grecord-gcc-switches -fasynchronous-unwind-tables -fstack-clash-protection -fcf-protection -fno-omit-frame-pointer  -Wno-error  conftest.c >&5
configure:9168: $? = 0
configure:9168: result: yes
configure:9168: checking for memory.h
configure:9168: gcc -c -O2 -pipe -g -Wp,-D_FORTIFY_SOURCE=2 -Wp,-D_GLIBCXX_ASSERTIONS -fexceptions -fstack-protector-strong -grecord-gcc-switches -fasynchronous-unwind-tables -fstack-clash-protection -fcf-protection -fno-omit-frame-pointer  -Wno-error  conftest.c >&5
configure:9168: $? = 0
configure:9168: result: yes
configure:9168: checking for strings.h
configure:9168: gcc -c -O2 -pipe -g -Wp,-D_FORTIFY_SOURCE=2 -Wp,-D_GLIBCXX_ASSERTIONS -fexceptions -fstack-protector-strong -grecord-gcc-switches -fasynchronous-unwind-tables -fstack-clash-protection -fcf-protection -fno-omit-frame-pointer  -Wno-error  conftest.c >&5
configure:9168: $? = 0
configure:9168: result: yes
configure:9168: checking for inttypes.h
configure:9168: gcc -c -O2 -pipe -g -Wp,-D_FORTIFY_SOURCE=2 -Wp,-D_GLIBCXX_ASSERTIONS -fexceptions -fstack-protector-strong -grecord-gcc-switches -fasynchronous-unwind-tables -fstack-clash-protection -fcf-protection -fno-omit-frame-pointer  -Wno-error  conftest.c >&5
configure:9168: $? = 0
configure:9168: result: yes
configure:9168: checking for stdint.h
configure:9168: gcc -c -O2 -pipe -g -Wp,-D_FORTIFY_SOURCE=2 -Wp,-D_GLIBCXX_ASSERTIONS -fexceptions -fstack-protector-strong -grecord-gcc-switches -fasynchronous-unwind-tables -fstack-clash-protection -fcf-protection -fno-omit-frame-pointer  -Wno-error  conftest.c >&5
configure:9168: $? = 0
configure:9168: result: yes
configure:9168: checking for unistd.h
configure:9168: gcc -c -O2 -pipe -g -Wp,-D_FORTIFY_SOURCE=2 -Wp,-D_GLIBCXX_ASSERTIONS -fexceptions -fstack-protector-strong -grecord-gcc-switches -fasynchronous-unwind-tables -fstack-clash-protection -fcf-protection -fno-omit-frame-pointer  -Wno-error  conftest.c >&5
configure:9168: $? = 0
configure:9168: result: yes
configure:9182: checking for dlfcn.h
configure:9182: gcc -c -O2 -pipe -g -Wp,-D_FORTIFY_SOURCE=2 -Wp,-D_GLIBCXX_ASSERTIONS -fexceptions -fstack-protector-strong -grecord-gcc-switches -fasynchronous-unwind-tables -fstack-clash-protection -fcf-protection -fno-omit-frame-pointer  -Wno-error  conftest.c >&5
configure:9182: $? = 0
configure:9182: result: yes
configure:9438: checking for objdir
configure:9453: result: .libs
configure:9717: checking if gcc supports -fno-rtti -fno-exceptions
configure:9735: gcc -c -O2 -pipe -g -Wp,-D_FORTIFY_SOURCE=2 -Wp,-D_GLIBCXX_ASSERTIONS -fexceptions -fstack-protector-strong -grecord-gcc-switches -fasynchronous-unwind-tables -fstack-clash-protection -fcf-protection -fno-omit-frame-pointer  -Wno-error  -fno-rtti -fno-exceptions conftest.c >&5
cc1: warning: command-line option '-fno-rtti' is valid for C++/D/ObjC++ but not for C
configure:9739: $? = 0
configure:9752: result: no
configure:10110: checking for gcc option to produce PIC
configure:10117: result: -fPIC -DPIC
configure:10125: checking if gcc PIC flag -fPIC -DPIC works
configure:10143: gcc -c -O2 -pipe -g -Wp,-D_FORTIFY_SOURCE=2 -Wp,-D_GLIBCXX_ASSERTIONS -fexceptions -fstack-protector-strong -grecord-gcc-switches -fasynchronous-unwind-tables -fstack-clash-protection -fcf-protection -fno-omit-frame-pointer  -Wno-error  -fPIC -DPIC -DPIC conftest.c >&5
configure:10147: $? = 0
configure:10160: result: yes
configure:10189: checking if gcc static flag -static works
configure:10217: result: yes
configure:10232: checking if gcc supports -c -o file.o
configure:10253: gcc -c -O2 -pipe -g -Wp,-D_FORTIFY_SOURCE=2 -Wp,-D_GLIBCXX_ASSERTIONS -fexceptions -fstack-protector-strong -grecord-gcc-switches -fasynchronous-unwind-tables -fstack-clash-protection -fcf-protection -fno-omit-frame-pointer  -Wno-error  -o out/conftest2.o conftest.c >&5
configure:10257: $? = 0
configure:10279: result: yes
configure:10287: checking if gcc supports -c -o file.o
configure:10334: result: yes
configure:10367: checking whether the gcc linker (/usr/x86_64-unknown-linux-gnu/bin/ld -m elf_x86_64) supports shared libraries
configure:11630: result: yes
configure:11667: checking whether -lc should be explicitly linked in
configure:11675: gcc -c -O2 -pipe -g -Wp,-D_FORTIFY_SOURCE=2 -Wp,-D_GLIBCXX_ASSERTIONS -fexceptions -fstack-protector-strong -grecord-gcc-switches -fasynchronous-unwind-tables -fstack-clash-protection -fcf-protection -fno-omit-frame-pointer  -Wno-error  conftest.c >&5
configure:11678: $? = 0
configure:11693: gcc -shared  -fPIC -DPIC conftest.o  -v -Wl,-soname -Wl,conftest -o conftest 2\>\&1 \| /usr/bin/grep  -lc  \>/dev/null 2\>\&1
configure:11696: $? = 0
configure:11710: result: no
configure:11870: checking dynamic linker characteristics
configure:12451: gcc -o conftest -O2 -pipe -g -Wp,-D_FORTIFY_SOURCE=2 -Wp,-D_GLIBCXX_ASSERTIONS -fexceptions -fstack-protector-strong -grecord-gcc-switches -fasynchronous-unwind-tables -fstack-clash-protection -fcf-protection -fno-omit-frame-pointer  -Wno-error  -L/app/lib -Wl,-z,relro,-z,now -Wl,--as-needed  -Wl,-rpath -Wl,/foo conftest.c  >&5
configure:12451: $? = 0
configure:12700: result: GNU/Linux ld.so
configure:12822: checking how to hardcode library paths into programs
configure:12847: result: immediate
configure:13395: checking whether stripping libraries is possible
configure:13400: result: yes
configure:13435: checking if libtool supports shared libraries
configure:13437: result: yes
configure:13440: checking whether to build shared libraries
configure:13465: result: yes
configure:13468: checking whether to build static libraries
configure:13472: result: no
configure:13524: checking whether make supports nested variables
configure:13541: result: yes
configure:13555: checking for glib-mkenums
configure:13573: found /usr/bin/glib-mkenums
configure:13585: result: /usr/bin/glib-mkenums
configure:13652: checking for pkg-config
configure:13670: found /usr/bin/pkg-config
configure:13682: result: /usr/bin/pkg-config
configure:13707: checking pkg-config is at least version 0.9.0
configure:13710: result: yes
configure:13722: checking for gtk-doc
configure:13725: $PKG_CONFIG --exists --print-errors "$gtk_doc_requires"
configure:13728: $? = 0
configure:13734: result: yes
configure:13748: checking for gtkdoc-check
configure:13764: found /usr/bin/gtkdoc-check
configure:13775: result: gtkdoc-check.test
configure:13785: checking for gtkdoc-check
configure:13803: found /usr/bin/gtkdoc-check
configure:13815: result: /usr/bin/gtkdoc-check
configure:13827: checking for gtkdoc-rebase
configure:13845: found /usr/bin/gtkdoc-rebase
configure:13857: result: /usr/bin/gtkdoc-rebase
configure:13871: checking for gtkdoc-mkpdf
configure:13889: found /usr/bin/gtkdoc-mkpdf
configure:13901: result: /usr/bin/gtkdoc-mkpdf
configure:13929: checking whether to build gtk-doc documentation
configure:13931: result: no
configure:13944: checking for GTKDOC_DEPS
configure:13951: $PKG_CONFIG --exists --print-errors "glib-2.0 >= 2.10.0 gobject-2.0  >= 2.10.0"
configure:13954: $? = 0
configure:13968: $PKG_CONFIG --exists --print-errors "glib-2.0 >= 2.10.0 gobject-2.0  >= 2.10.0"
configure:13971: $? = 0
configure:14009: result: yes
configure:14097: checking for DBUSMENUGLIB
configure:14105: $PKG_CONFIG --exists --print-errors "glib-2.0 >= $GLIB_REQUIRED_VERSION
                                gio-2.0 >= $GLIB_REQUIRED_VERSION"
configure:14109: $? = 0
configure:14125: $PKG_CONFIG --exists --print-errors "glib-2.0 >= $GLIB_REQUIRED_VERSION
                                gio-2.0 >= $GLIB_REQUIRED_VERSION"
configure:14129: $? = 0
configure:14191: result: yes
configure:14244: checking for DBUSMENUGTK
configure:14253: $PKG_CONFIG --exists --print-errors "gtk+-3.0 >= $GTK3_REQUIRED_VERSION
                                         atk
                                         glib-2.0 >= $GLIB_REQUIRED_VERSION"
configure:14258: $? = 0
configure:14276: $PKG_CONFIG --exists --print-errors "gtk+-3.0 >= $GTK3_REQUIRED_VERSION
                                         atk
                                         glib-2.0 >= $GLIB_REQUIRED_VERSION"
configure:14281: $? = 0
configure:14347: result: yes
configure:14635: checking for DBUSMENUTESTS
configure:14643: $PKG_CONFIG --exists --print-errors "json-glib-1.0 >= $JSON_GLIB_REQUIRED_VERSION
                                  gio-unix-2.0  >= $GIO_UNIX_REQUIRED_VERSION"
configure:14647: $? = 0
configure:14663: $PKG_CONFIG --exists --print-errors "json-glib-1.0 >= $JSON_GLIB_REQUIRED_VERSION
                                  gio-unix-2.0  >= $GIO_UNIX_REQUIRED_VERSION"
configure:14667: $? = 0
configure:14729: result: yes
configure:14736: checking for DBUSMENUTESTSVALGRIND
configure:14743: $PKG_CONFIG --exists --print-errors "valgrind"
configure:14746: $? = 0
configure:14760: $PKG_CONFIG --exists --print-errors "valgrind"
configure:14763: $? = 0
configure:14801: result: yes
configure:14834: checking for gobject-introspection
configure:14865: $PKG_CONFIG --exists --print-errors "gobject-introspection-1.0 >= 0.6.7"
configure:14868: $? = 0
configure:14879: result: yes
configure:14918: $PKG_CONFIG --exists --print-errors "gobject-introspection-1.0 >= 0.10"
configure:14921: $? = 0
configure:14969: checking for vapigen
configure:15002: result: no
configure:15024: checking for xsltproc
configure:15042: found /usr/bin/xsltproc
configure:15054: result: /usr/bin/xsltproc
configure:15090: checking locale.h usability
configure:15090: gcc -c -O2 -pipe -g -Wp,-D_FORTIFY_SOURCE=2 -Wp,-D_GLIBCXX_ASSERTIONS -fexceptions -fstack-protector-strong -grecord-gcc-switches -fasynchronous-unwind-tables -fstack-clash-protection -fcf-protection -fno-omit-frame-pointer  -Wno-error  conftest.c >&5
configure:15090: $? = 0
configure:15090: result: yes
configure:15090: checking locale.h presence
configure:15090: gcc -E  conftest.c
configure:15090: $? = 0
configure:15090: result: yes
configure:15090: checking for locale.h
configure:15090: result: yes
configure:15101: checking for LC_MESSAGES
configure:15117: gcc -o conftest -O2 -pipe -g -Wp,-D_FORTIFY_SOURCE=2 -Wp,-D_GLIBCXX_ASSERTIONS -fexceptions -fstack-protector-strong -grecord-gcc-switches -fasynchronous-unwind-tables -fstack-clash-protection -fcf-protection -fno-omit-frame-pointer  -Wno-error  -L/app/lib -Wl,-z,relro,-z,now -Wl,--as-needed  conftest.c  >&5
configure:15117: $? = 0
configure:15125: result: yes
configure:15142: checking libintl.h usability
configure:15142: gcc -c -O2 -pipe -g -Wp,-D_FORTIFY_SOURCE=2 -Wp,-D_GLIBCXX_ASSERTIONS -fexceptions -fstack-protector-strong -grecord-gcc-switches -fasynchronous-unwind-tables -fstack-clash-protection -fcf-protection -fno-omit-frame-pointer  -Wno-error  conftest.c >&5
configure:15142: $? = 0
configure:15142: result: yes
configure:15142: checking libintl.h presence
configure:15142: gcc -E  conftest.c
configure:15142: $? = 0
configure:15142: result: yes
configure:15142: checking for libintl.h
configure:15142: result: yes
configure:15150: checking for ngettext in libc
configure:15168: gcc -o conftest -O2 -pipe -g -Wp,-D_FORTIFY_SOURCE=2 -Wp,-D_GLIBCXX_ASSERTIONS -fexceptions -fstack-protector-strong -grecord-gcc-switches -fasynchronous-unwind-tables -fstack-clash-protection -fcf-protection -fno-omit-frame-pointer  -Wno-error  -L/app/lib -Wl,-z,relro,-z,now -Wl,--as-needed  conftest.c  >&5
configure:15168: $? = 0
configure:15177: result: yes
configure:15181: checking for dgettext in libc
configure:15199: gcc -o conftest -O2 -pipe -g -Wp,-D_FORTIFY_SOURCE=2 -Wp,-D_GLIBCXX_ASSERTIONS -fexceptions -fstack-protector-strong -grecord-gcc-switches -fasynchronous-unwind-tables -fstack-clash-protection -fcf-protection -fno-omit-frame-pointer  -Wno-error  -L/app/lib -Wl,-z,relro,-z,now -Wl,--as-needed  conftest.c  >&5
configure:15199: $? = 0
configure:15208: result: yes
configure:15215: checking for bind_textdomain_codeset
configure:15215: gcc -o conftest -O2 -pipe -g -Wp,-D_FORTIFY_SOURCE=2 -Wp,-D_GLIBCXX_ASSERTIONS -fexceptions -fstack-protector-strong -grecord-gcc-switches -fasynchronous-unwind-tables -fstack-clash-protection -fcf-protection -fno-omit-frame-pointer  -Wno-error  -L/app/lib -Wl,-z,relro,-z,now -Wl,--as-needed  conftest.c  >&5
configure:15215: $? = 0
configure:15215: result: yes
configure:15491: checking for msgfmt
configure:15518: result: /usr/bin/msgfmt
configure:15529: checking for dcgettext
configure:15529: gcc -o conftest -O2 -pipe -g -Wp,-D_FORTIFY_SOURCE=2 -Wp,-D_GLIBCXX_ASSERTIONS -fexceptions -fstack-protector-strong -grecord-gcc-switches -fasynchronous-unwind-tables -fstack-clash-protection -fcf-protection -fno-omit-frame-pointer  -Wno-error  -L/app/lib -Wl,-z,relro,-z,now -Wl,--as-needed  conftest.c   >&5
conftest.c:49:6: warning: conflicting types for built-in function 'dcgettext'; expected 'char *(const char *, const char *, int)' [-Wbuiltin-declaration-mismatch]
   49 | char dcgettext ();
      |      ^~~~~~~~~
configure:15529: $? = 0
configure:15529: result: yes
configure:15539: checking if msgfmt accepts -c
configure:15554: $MSGFMT -c -o /dev/null conftest.foo
conftest.foo:3: warning: header field 'Language' missing in header
configure:15557: $? = 0
configure:15559: result: yes
configure:15569: checking for gmsgfmt
configure:15600: result: /usr/bin/msgfmt
configure:15610: checking for xgettext
configure:15637: result: /usr/bin/xgettext
configure:15656: gcc -o conftest -O2 -pipe -g -Wp,-D_FORTIFY_SOURCE=2 -Wp,-D_GLIBCXX_ASSERTIONS -fexceptions -fstack-protector-strong -grecord-gcc-switches -fasynchronous-unwind-tables -fstack-clash-protection -fcf-protection -fno-omit-frame-pointer  -Wno-error  -L/app/lib -Wl,-z,relro,-z,now -Wl,--as-needed  conftest.c   >&5
configure:15656: $? = 0
configure:16193: checking that generated files are newer than configure
configure:16199: result: done
configure:16302: creating ./config.status

## ---------------------- ##
## Running config.status. ##
## ---------------------- ##

This file was extended by libdbusmenu config.status 16.04.0, which was
generated by GNU Autoconf 2.69.  Invocation command line was

  CONFIG_FILES    = 
  CONFIG_HEADERS  = 
  CONFIG_LINKS    = 
  CONFIG_COMMANDS = 
  $ ./config.status 

on steamdeck

config.status:1258: creating Makefile
config.status:1258: creating po/Makefile.in
config.status:1258: creating libdbusmenu-glib/Makefile
config.status:1258: creating libdbusmenu-glib/dbusmenu-glib-0.4.pc
config.status:1258: creating libdbusmenu-gtk/Makefile
config.status:1258: creating libdbusmenu-gtk/dbusmenu-gtk-0.4.pc
config.status:1258: creating libdbusmenu-gtk/dbusmenu-gtk3-0.4.pc
config.status:1258: creating tools/Makefile
config.status:1258: creating tools/testapp/Makefile
config.status:1258: creating tests/Makefile
config.status:1258: creating tests/dbusmenu-jsonloader-0.4.pc
config.status:1258: creating docs/Makefile
config.status:1258: creating docs/libdbusmenu-glib/Makefile
config.status:1258: creating docs/libdbusmenu-glib/reference/Makefile
config.status:1258: creating docs/libdbusmenu-glib/reference/version.xml
config.status:1258: creating docs/libdbusmenu-gtk/Makefile
config.status:1258: creating docs/libdbusmenu-gtk/reference/Makefile
config.status:1258: creating docs/libdbusmenu-gtk/reference/version.xml
config.status:1258: creating config.h
config.status:1487: executing depfiles commands
config.status:1487: executing libtool commands
config.status:1487: executing default-1 commands
config.status:1487: executing po/stamp-it commands
configure:18484: WARNING: unrecognized options: --enable-gtk3, --with-girdir, --with-typelibdir
configure:18500:

libdbusmenu Configuration:

	Prefix:                 /app
	Massive Debugging:      no
	GTK+ Version:           3

configure:18511: 	Tests:                  yes
configure:18523: 	Gtk:                    yes (gtk3)
configure:18532: 	Vala bindings           no
configure:18541: 	Dumper:                 no
configure:18550: 	Coverage reporting:     no

## ---------------- ##
## Cache variables. ##
## ---------------- ##

ac_cv_build=x86_64-pc-linux-gnu
ac_cv_c_compiler_gnu=yes
ac_cv_env_CC_set=
ac_cv_env_CC_value=
ac_cv_env_CFLAGS_set=set
ac_cv_env_CFLAGS_value='-O2 -pipe -g -Wp,-D_FORTIFY_SOURCE=2 -Wp,-D_GLIBCXX_ASSERTIONS -fexceptions -fstack-protector-strong -grecord-gcc-switches -fasynchronous-unwind-tables -fstack-clash-protection -fcf-protection -fno-omit-frame-pointer  -Wno-error'
ac_cv_env_CPPFLAGS_set=
ac_cv_env_CPPFLAGS_value=
ac_cv_env_CPP_set=
ac_cv_env_CPP_value=
ac_cv_env_DBUSMENUDUMPER_CFLAGS_set=
ac_cv_env_DBUSMENUDUMPER_CFLAGS_value=
ac_cv_env_DBUSMENUDUMPER_LIBS_set=
ac_cv_env_DBUSMENUDUMPER_LIBS_value=
ac_cv_env_DBUSMENUGLIB_CFLAGS_set=
ac_cv_env_DBUSMENUGLIB_CFLAGS_value=
ac_cv_env_DBUSMENUGLIB_LIBS_set=
ac_cv_env_DBUSMENUGLIB_LIBS_value=
ac_cv_env_DBUSMENUGTK_CFLAGS_set=
ac_cv_env_DBUSMENUGTK_CFLAGS_value=
ac_cv_env_DBUSMENUGTK_LIBS_set=
ac_cv_env_DBUSMENUGTK_LIBS_value=
ac_cv_env_DBUSMENUTESTSVALGRIND_CFLAGS_set=
ac_cv_env_DBUSMENUTESTSVALGRIND_CFLAGS_value=
ac_cv_env_DBUSMENUTESTSVALGRIND_LIBS_set=
ac_cv_env_DBUSMENUTESTSVALGRIND_LIBS_value=
ac_cv_env_DBUSMENUTESTS_CFLAGS_set=
ac_cv_env_DBUSMENUTESTS_CFLAGS_value=
ac_cv_env_DBUSMENUTESTS_LIBS_set=
ac_cv_env_DBUSMENUTESTS_LIBS_value=
ac_cv_env_GTKDOC_DEPS_CFLAGS_set=
ac_cv_env_GTKDOC_DEPS_CFLAGS_value=
ac_cv_env_GTKDOC_DEPS_LIBS_set=
ac_cv_env_GTKDOC_DEPS_LIBS_value=
ac_cv_env_LDFLAGS_set=set
ac_cv_env_LDFLAGS_value='-L/app/lib -Wl,-z,relro,-z,now -Wl,--as-needed '
ac_cv_env_LIBS_set=
ac_cv_env_LIBS_value=
ac_cv_env_LT_SYS_LIBRARY_PATH_set=
ac_cv_env_LT_SYS_LIBRARY_PATH_value=
ac_cv_env_PKG_CONFIG_LIBDIR_set=
ac_cv_env_PKG_CONFIG_LIBDIR_value=
ac_cv_env_PKG_CONFIG_PATH_set=set
ac_cv_env_PKG_CONFIG_PATH_value=/app/lib/pkgconfig:/app/share/pkgconfig:/usr/lib/pkgconfig:/usr/share/pkgconfig
ac_cv_env_PKG_CONFIG_set=
ac_cv_env_PKG_CONFIG_value=
ac_cv_env_build_alias_set=
ac_cv_env_build_alias_value=
ac_cv_env_host_alias_set=
ac_cv_env_host_alias_value=
ac_cv_env_target_alias_set=
ac_cv_env_target_alias_value=
ac_cv_func_bind_textdomain_codeset=yes
ac_cv_func_dcgettext=yes
ac_cv_header_dlfcn_h=yes
ac_cv_header_inttypes_h=yes
ac_cv_header_libintl_h=yes
ac_cv_header_locale_h=yes
ac_cv_header_memory_h=yes
ac_cv_header_stdc=yes
ac_cv_header_stdint_h=yes
ac_cv_header_stdlib_h=yes
ac_cv_header_string_h=yes
ac_cv_header_strings_h=yes
ac_cv_header_sys_stat_h=yes
ac_cv_header_sys_types_h=yes
ac_cv_header_unistd_h=yes
ac_cv_host=x86_64-pc-linux-gnu
ac_cv_objext=o
ac_cv_path_EGREP='/usr/bin/grep -E'
ac_cv_path_FGREP='/usr/bin/grep -F'
ac_cv_path_GLIB_MKENUMS=/usr/bin/glib-mkenums
ac_cv_path_GMSGFMT=/usr/bin/msgfmt
ac_cv_path_GREP=/usr/bin/grep
ac_cv_path_GTKDOC_CHECK_PATH=/usr/bin/gtkdoc-check
ac_cv_path_GTKDOC_MKPDF=/usr/bin/gtkdoc-mkpdf
ac_cv_path_GTKDOC_REBASE=/usr/bin/gtkdoc-rebase
ac_cv_path_INTLTOOL_EXTRACT=/app/bin/intltool-extract
ac_cv_path_INTLTOOL_MERGE=/app/bin/intltool-merge
ac_cv_path_INTLTOOL_PERL=/usr/bin/perl
ac_cv_path_INTLTOOL_UPDATE=/app/bin/intltool-update
ac_cv_path_MSGFMT=/usr/bin/msgfmt
ac_cv_path_MSGMERGE=/usr/bin/msgmerge
ac_cv_path_SED=/usr/bin/sed
ac_cv_path_XGETTEXT=/usr/bin/xgettext
ac_cv_path_XSLT_PROC=/usr/bin/xsltproc
ac_cv_path_ac_pt_PKG_CONFIG=/usr/bin/pkg-config
ac_cv_path_install='/usr/bin/install -c'
ac_cv_path_lt_DD=/usr/bin/dd
ac_cv_path_mkdir=/usr/bin/mkdir
ac_cv_prog_AWK=gawk
ac_cv_prog_CPP='gcc -E'
ac_cv_prog_GTKDOC_CHECK=gtkdoc-check.test
ac_cv_prog_ac_ct_AR=ar
ac_cv_prog_ac_ct_CC=gcc
ac_cv_prog_ac_ct_OBJDUMP=objdump
ac_cv_prog_ac_ct_RANLIB=ranlib
ac_cv_prog_ac_ct_STRIP=strip
ac_cv_prog_cc_c89=
ac_cv_prog_cc_g=yes
ac_cv_prog_make_make_set=yes
ac_cv_search_strerror='none required'
am_cv_CC_dependencies_compiler_type=gcc3
am_cv_make_support_nested_variables=yes
am_cv_prog_cc_c_o=yes
am_cv_val_LC_MESSAGES=yes
gt_cv_func_dgettext_libc=yes
gt_cv_func_dgettext_libintl=no
gt_cv_func_ngettext_libc=yes
gt_cv_have_gettext=yes
lt_cv_ar_at_file=@
lt_cv_archive_cmds_need_lc=no
lt_cv_deplibs_check_method=pass_all
lt_cv_file_magic_cmd='$MAGIC_CMD'
lt_cv_file_magic_test_file=
lt_cv_ld_reload_flag=-r
lt_cv_nm_interface='BSD nm'
lt_cv_objdir=.libs
lt_cv_path_LD=/usr/x86_64-unknown-linux-gnu/bin/ld
lt_cv_path_NM='/usr/bin/nm -B'
lt_cv_path_mainfest_tool=no
lt_cv_prog_compiler_c_o=yes
lt_cv_prog_compiler_pic='-fPIC -DPIC'
lt_cv_prog_compiler_pic_works=yes
lt_cv_prog_compiler_rtti_exceptions=no
lt_cv_prog_compiler_static_works=yes
lt_cv_prog_gnu_ld=yes
lt_cv_sharedlib_from_linklib_cmd='printf %s\n'
lt_cv_shlibpath_overrides_runpath=no
lt_cv_sys_global_symbol_pipe='sed -n -e '\''s/^.*[	 ]\([ABCDGIRSTW][ABCDGIRSTW]*\)[	 ][	 ]*\([_A-Za-z][_A-Za-z0-9]*\)$/\1 \2 \2/p'\'' | sed '\''/ __gnu_lto/d'\'''
lt_cv_sys_global_symbol_to_c_name_address='sed -n -e '\''s/^: \(.*\) .*$/  {"\1", (void *) 0},/p'\'' -e '\''s/^[ABCDGIRSTW][ABCDGIRSTW]* .* \(.*\)$/  {"\1", (void *) \&\1},/p'\'''
lt_cv_sys_global_symbol_to_c_name_address_lib_prefix='sed -n -e '\''s/^: \(.*\) .*$/  {"\1", (void *) 0},/p'\'' -e '\''s/^[ABCDGIRSTW][ABCDGIRSTW]* .* \(lib.*\)$/  {"\1", (void *) \&\1},/p'\'' -e '\''s/^[ABCDGIRSTW][ABCDGIRSTW]* .* \(.*\)$/  {"lib\1", (void *) \&\1},/p'\'''
lt_cv_sys_global_symbol_to_cdecl='sed -n -e '\''s/^T .* \(.*\)$/extern int \1();/p'\'' -e '\''s/^[ABCDGIRSTW][ABCDGIRSTW]* .* \(.*\)$/extern char \1;/p'\'''
lt_cv_sys_global_symbol_to_import=
lt_cv_sys_max_cmd_len=1572864
lt_cv_to_host_file_cmd=func_convert_file_noop
lt_cv_to_tool_file_cmd=func_convert_file_noop
lt_cv_truncate_bin='/usr/bin/dd bs=4096 count=1'
pkg_cv_DBUSMENUGLIB_CFLAGS='-pthread -I/usr/include/glib-2.0 -I/usr/lib/x86_64-linux-gnu/glib-2.0/include -I/usr/include/libmount -I/usr/include/blkid'
pkg_cv_DBUSMENUGLIB_LIBS='-lgio-2.0 -lgobject-2.0 -lglib-2.0'
pkg_cv_DBUSMENUGTK_CFLAGS='-I/usr/include/gtk-3.0 -I/usr/include/pango-1.0 -I/usr/include/cairo -I/usr/include/gdk-pixbuf-2.0 -I/usr/include/webp -I/usr/include/at-spi2-atk/2.0 -I/usr/include/at-spi-2.0 -I/usr/include/dbus-1.0 -I/usr/lib/x86_64-linux-gnu/dbus-1.0/include -I/usr/include/fribidi -I/usr/include/pixman-1 -I/usr/include/harfbuzz -I/usr/include/freetype2 -I/usr/include/libpng16 -I/usr/include/gio-unix-2.0 -pthread -I/usr/include/libmount -I/usr/include/blkid -I/usr/include/atk-1.0 -I/usr/include/glib-2.0 -I/usr/lib/x86_64-linux-gnu/glib-2.0/include'
pkg_cv_DBUSMENUGTK_LIBS='-lgtk-3 -lgdk-3 -lpangocairo-1.0 -lpango-1.0 -lharfbuzz -lcairo-gobject -lcairo -lgdk_pixbuf-2.0 -lgio-2.0 -latk-1.0 -lgobject-2.0 -lglib-2.0'
pkg_cv_DBUSMENUTESTSVALGRIND_CFLAGS=-I/usr/include/valgrind
pkg_cv_DBUSMENUTESTSVALGRIND_LIBS='-L/usr/lib/x86_64-linux-gnu/valgrind -lcoregrind-amd64-linux -lvex-amd64-linux -lgcc'
pkg_cv_DBUSMENUTESTS_CFLAGS='-I/usr/include/json-glib-1.0 -I/usr/include/gio-unix-2.0 -pthread -I/usr/include/glib-2.0 -I/usr/lib/x86_64-linux-gnu/glib-2.0/include -I/usr/include/libmount -I/usr/include/blkid'
pkg_cv_DBUSMENUTESTS_LIBS='-ljson-glib-1.0 -lgio-2.0 -lgobject-2.0 -lglib-2.0'
pkg_cv_GTKDOC_DEPS_CFLAGS='-I/usr/include/glib-2.0 -I/usr/lib/x86_64-linux-gnu/glib-2.0/include'
pkg_cv_GTKDOC_DEPS_LIBS='-lgobject-2.0 -lglib-2.0'

## ----------------- ##
## Output variables. ##
## ----------------- ##

ACLOCAL='${SHELL} /run/build/libdbusmenu-gtk3/missing aclocal-1.15'
ALL_LINGUAS=''
AMDEPBACKSLASH='\'
AMDEP_FALSE='#'
AMDEP_TRUE=''
AMTAR='$${TAR-tar}'
AM_BACKSLASH='\'
AM_DEFAULT_V='$(AM_DEFAULT_VERBOSITY)'
AM_DEFAULT_VERBOSITY='0'
AM_V='$(V)'
AR='ar'
AUTOCONF='${SHELL} /run/build/libdbusmenu-gtk3/missing autoconf'
AUTOHEADER='${SHELL} /run/build/libdbusmenu-gtk3/missing autoheader'
AUTOMAKE='${SHELL} /run/build/libdbusmenu-gtk3/missing automake-1.15'
AWK='gawk'
CATALOGS=''
CATOBJEXT='.gmo'
CC='gcc'
CCDEPMODE='depmode=gcc3'
CFLAGS='-O2 -pipe -g -Wp,-D_FORTIFY_SOURCE=2 -Wp,-D_GLIBCXX_ASSERTIONS -fexceptions -fstack-protector-strong -grecord-gcc-switches -fasynchronous-unwind-tables -fstack-clash-protection -fcf-protection -fno-omit-frame-pointer  -Wno-error'
COVERAGE_CFLAGS=''
COVERAGE_LDFLAGS=''
CPP='gcc -E'
CPPFLAGS=''
CYGPATH_W='echo'
DATADIRNAME='share'
DBUSMENUDUMPER_CFLAGS=''
DBUSMENUDUMPER_LIBS=''
DBUSMENUGLIB_CFLAGS='-pthread -I/usr/include/glib-2.0 -I/usr/lib/x86_64-linux-gnu/glib-2.0/include -I/usr/include/libmount -I/usr/include/blkid'
DBUSMENUGLIB_LIBS='-lgio-2.0 -lgobject-2.0 -lglib-2.0'
DBUSMENUGTK_CFLAGS='-I/usr/include/gtk-3.0 -I/usr/include/pango-1.0 -I/usr/include/cairo -I/usr/include/gdk-pixbuf-2.0 -I/usr/include/webp -I/usr/include/at-spi2-atk/2.0 -I/usr/include/at-spi-2.0 -I/usr/include/dbus-1.0 -I/usr/lib/x86_64-linux-gnu/dbus-1.0/include -I/usr/include/fribidi -I/usr/include/pixman-1 -I/usr/include/harfbuzz -I/usr/include/freetype2 -I/usr/include/libpng16 -I/usr/include/gio-unix-2.0 -pthread -I/usr/include/libmount -I/usr/include/blkid -I/usr/include/atk-1.0 -I/usr/include/glib-2.0 -I/usr/lib/x86_64-linux-gnu/glib-2.0/include'
DBUSMENUGTK_LIBS='-lgtk-3 -lgdk-3 -lpangocairo-1.0 -lpango-1.0 -lharfbuzz -lcairo-gobject -lcairo -lgdk_pixbuf-2.0 -lgio-2.0 -latk-1.0 -lgobject-2.0 -lglib-2.0'
DBUSMENUTESTSVALGRIND_CFLAGS='-I/usr/include/valgrind'
DBUSMENUTESTSVALGRIND_LIBS='-L/usr/lib/x86_64-linux-gnu/valgrind -lcoregrind-amd64-linux -lvex-amd64-linux -lgcc'
DBUSMENUTESTS_CFLAGS='-I/usr/include/json-glib-1.0 -I/usr/include/gio-unix-2.0 -pthread -I/usr/include/glib-2.0 -I/usr/lib/x86_64-linux-gnu/glib-2.0/include -I/usr/include/libmount -I/usr/include/blkid'
DBUSMENUTESTS_LIBS='-ljson-glib-1.0 -lgio-2.0 -lgobject-2.0 -lglib-2.0'
DEFS='-DHAVE_CONFIG_H'
DEPDIR='.deps'
DLLTOOL='false'
DSYMUTIL=''
DUMPBIN=''
ECHO_C=''
ECHO_N='-n'
ECHO_T=''
EGREP='/usr/bin/grep -E'
ENABLE_GTK_DOC_FALSE=''
ENABLE_GTK_DOC_TRUE='#'
EXEEXT=''
FGREP='/usr/bin/grep -F'
GCOVR=''
GENHTML=''
GETTEXT_PACKAGE='libdbusmenu'
GLIB_MKENUMS='/usr/bin/glib-mkenums'
GMOFILES=''
GMSGFMT='/usr/bin/msgfmt'
GREP='/usr/bin/grep'
GTKDOC_CHECK='gtkdoc-check.test'
GTKDOC_CHECK_PATH='/usr/bin/gtkdoc-check'
GTKDOC_DEPS_CFLAGS='-I/usr/include/glib-2.0 -I/usr/lib/x86_64-linux-gnu/glib-2.0/include'
GTKDOC_DEPS_LIBS='-lgobject-2.0 -lglib-2.0'
GTKDOC_MKPDF='/usr/bin/gtkdoc-mkpdf'
GTKDOC_REBASE='/usr/bin/gtkdoc-rebase'
GTK_DOC_BUILD_HTML_FALSE='#'
GTK_DOC_BUILD_HTML_TRUE=''
GTK_DOC_BUILD_PDF_FALSE=''
GTK_DOC_BUILD_PDF_TRUE='#'
GTK_DOC_USE_LIBTOOL_FALSE='#'
GTK_DOC_USE_LIBTOOL_TRUE=''
GTK_DOC_USE_REBASE_FALSE='#'
GTK_DOC_USE_REBASE_TRUE=''
HAVE_GCOVR_FALSE=''
HAVE_GCOVR_TRUE='#'
HAVE_GCOV_FALSE=''
HAVE_GCOV_TRUE='#'
HAVE_GTK_DOC_FALSE='#'
HAVE_GTK_DOC_TRUE=''
HAVE_INTROSPECTION_FALSE='#'
HAVE_INTROSPECTION_TRUE=''
HAVE_LCOV_FALSE=''
HAVE_LCOV_TRUE='#'
HAVE_VALA_FALSE=''
HAVE_VALA_TRUE='#'
HAVE_VALGRIND_FALSE='#'
HAVE_VALGRIND_TRUE=''
HTML_DIR='${datadir}/gtk-doc/html'
INSTALL_DATA='${INSTALL} -m 644'
INSTALL_PROGRAM='${INSTALL}'
INSTALL_SCRIPT='${INSTALL}'
INSTALL_STRIP_PROGRAM='$(install_sh) -c -s'
INSTOBJEXT='.mo'
INTLLIBS=''
INTLTOOL_CAVES_RULE='%.caves:     %.caves.in     $(INTLTOOL_MERGE) $(wildcard $(top_srcdir)/po/*.po) ; $(INTLTOOL_V_MERGE)LC_ALL=C $(INTLTOOL_MERGE) $(INTLTOOL_V_MERGE_OPTIONS) -d -u -c $(top_builddir)/po/.intltool-merge-cache $(top_srcdir)/po $< $@'
INTLTOOL_DESKTOP_RULE='%.desktop:   %.desktop.in   $(INTLTOOL_MERGE) $(wildcard $(top_srcdir)/po/*.po) ; $(INTLTOOL_V_MERGE)LC_ALL=C $(INTLTOOL_MERGE) $(INTLTOOL_V_MERGE_OPTIONS) -d -u -c $(top_builddir)/po/.intltool-merge-cache $(top_srcdir)/po $< $@'
INTLTOOL_DIRECTORY_RULE='%.directory: %.directory.in $(INTLTOOL_MERGE) $(wildcard $(top_srcdir)/po/*.po) ; $(INTLTOOL_V_MERGE)LC_ALL=C $(INTLTOOL_MERGE) $(INTLTOOL_V_MERGE_OPTIONS) -d -u -c $(top_builddir)/po/.intltool-merge-cache $(top_srcdir)/po $< $@'
INTLTOOL_EXTRACT='/app/bin/intltool-extract'
INTLTOOL_KBD_RULE='%.kbd:       %.kbd.in       $(INTLTOOL_MERGE) $(wildcard $(top_srcdir)/po/*.po) ; $(INTLTOOL_V_MERGE)LC_ALL=C $(INTLTOOL_MERGE) $(INTLTOOL_V_MERGE_OPTIONS) -x -u -m -c $(top_builddir)/po/.intltool-merge-cache $(top_srcdir)/po $< $@'
INTLTOOL_KEYS_RULE='%.keys:      %.keys.in      $(INTLTOOL_MERGE) $(wildcard $(top_srcdir)/po/*.po) ; $(INTLTOOL_V_MERGE)LC_ALL=C $(INTLTOOL_MERGE) $(INTLTOOL_V_MERGE_OPTIONS) -k -u -c $(top_builddir)/po/.intltool-merge-cache $(top_srcdir)/po $< $@'
INTLTOOL_MERGE='/app/bin/intltool-merge'
INTLTOOL_OAF_RULE='%.oaf:       %.oaf.in       $(INTLTOOL_MERGE) $(wildcard $(top_srcdir)/po/*.po) ; $(INTLTOOL_V_MERGE)LC_ALL=C $(INTLTOOL_MERGE) $(INTLTOOL_V_MERGE_OPTIONS) -o -p $(top_srcdir)/po $< $@'
INTLTOOL_PERL='/usr/bin/perl'
INTLTOOL_POLICY_RULE='%.policy:    %.policy.in    $(INTLTOOL_MERGE) $(wildcard $(top_srcdir)/po/*.po) ; $(INTLTOOL_V_MERGE)LC_ALL=C $(INTLTOOL_MERGE) $(INTLTOOL_V_MERGE_OPTIONS) -x -u -c $(top_builddir)/po/.intltool-merge-cache $(top_srcdir)/po $< $@'
INTLTOOL_PONG_RULE='%.pong:      %.pong.in      $(INTLTOOL_MERGE) $(wildcard $(top_srcdir)/po/*.po) ; $(INTLTOOL_V_MERGE)LC_ALL=C $(INTLTOOL_MERGE) $(INTLTOOL_V_MERGE_OPTIONS) -x -u -c $(top_builddir)/po/.intltool-merge-cache $(top_srcdir)/po $< $@'
INTLTOOL_PROP_RULE='%.prop:      %.prop.in      $(INTLTOOL_MERGE) $(wildcard $(top_srcdir)/po/*.po) ; $(INTLTOOL_V_MERGE)LC_ALL=C $(INTLTOOL_MERGE) $(INTLTOOL_V_MERGE_OPTIONS) -d -u -c $(top_builddir)/po/.intltool-merge-cache $(top_srcdir)/po $< $@'
INTLTOOL_SCHEMAS_RULE='%.schemas:   %.schemas.in   $(INTLTOOL_MERGE) $(wildcard $(top_srcdir)/po/*.po) ; $(INTLTOOL_V_MERGE)LC_ALL=C $(INTLTOOL_MERGE) $(INTLTOOL_V_MERGE_OPTIONS) -s -u -c $(top_builddir)/po/.intltool-merge-cache $(top_srcdir)/po $< $@'
INTLTOOL_SERVER_RULE='%.server:    %.server.in    $(INTLTOOL_MERGE) $(wildcard $(top_srcdir)/po/*.po) ; $(INTLTOOL_V_MERGE)LC_ALL=C $(INTLTOOL_MERGE) $(INTLTOOL_V_MERGE_OPTIONS) -o -u -c $(top_builddir)/po/.intltool-merge-cache $(top_srcdir)/po $< $@'
INTLTOOL_SERVICE_RULE='%.service: %.service.in   $(INTLTOOL_MERGE) $(wildcard $(top_srcdir)/po/*.po) ; $(INTLTOOL_V_MERGE)LC_ALL=C $(INTLTOOL_MERGE) $(INTLTOOL_V_MERGE_OPTIONS) -d -u -c $(top_builddir)/po/.intltool-merge-cache $(top_srcdir)/po $< $@'
INTLTOOL_SHEET_RULE='%.sheet:     %.sheet.in     $(INTLTOOL_MERGE) $(wildcard $(top_srcdir)/po/*.po) ; $(INTLTOOL_V_MERGE)LC_ALL=C $(INTLTOOL_MERGE) $(INTLTOOL_V_MERGE_OPTIONS) -x -u -c $(top_builddir)/po/.intltool-merge-cache $(top_srcdir)/po $< $@'
INTLTOOL_SOUNDLIST_RULE='%.soundlist: %.soundlist.in $(INTLTOOL_MERGE) $(wildcard $(top_srcdir)/po/*.po) ; $(INTLTOOL_V_MERGE)LC_ALL=C $(INTLTOOL_MERGE) $(INTLTOOL_V_MERGE_OPTIONS) -d -u -c $(top_builddir)/po/.intltool-merge-cache $(top_srcdir)/po $< $@'
INTLTOOL_THEME_RULE='%.theme:     %.theme.in     $(INTLTOOL_MERGE) $(wildcard $(top_srcdir)/po/*.po) ; $(INTLTOOL_V_MERGE)LC_ALL=C $(INTLTOOL_MERGE) $(INTLTOOL_V_MERGE_OPTIONS) -d -u -c $(top_builddir)/po/.intltool-merge-cache $(top_srcdir)/po $< $@'
INTLTOOL_UI_RULE='%.ui:        %.ui.in        $(INTLTOOL_MERGE) $(wildcard $(top_srcdir)/po/*.po) ; $(INTLTOOL_V_MERGE)LC_ALL=C $(INTLTOOL_MERGE) $(INTLTOOL_V_MERGE_OPTIONS) -x -u -c $(top_builddir)/po/.intltool-merge-cache $(top_srcdir)/po $< $@'
INTLTOOL_UPDATE='/app/bin/intltool-update'
INTLTOOL_V_MERGE='$(INTLTOOL__v_MERGE_$(V))'
INTLTOOL_V_MERGE_OPTIONS='$(intltool__v_merge_options_$(V))'
INTLTOOL_XAM_RULE='%.xam:       %.xml.in       $(INTLTOOL_MERGE) $(wildcard $(top_srcdir)/po/*.po) ; $(INTLTOOL_V_MERGE)LC_ALL=C $(INTLTOOL_MERGE) $(INTLTOOL_V_MERGE_OPTIONS) -x -u -c $(top_builddir)/po/.intltool-merge-cache $(top_srcdir)/po $< $@'
INTLTOOL_XML_NOMERGE_RULE='%.xml:       %.xml.in       $(INTLTOOL_MERGE) ; $(INTLTOOL_V_MERGE)LC_ALL=C $(INTLTOOL_MERGE) $(INTLTOOL_V_MERGE_OPTIONS) -x -u --no-translations $< $@'
INTLTOOL_XML_RULE='%.xml:       %.xml.in       $(INTLTOOL_MERGE) $(wildcard $(top_srcdir)/po/*.po) ; $(INTLTOOL_V_MERGE)LC_ALL=C $(INTLTOOL_MERGE) $(INTLTOOL_V_MERGE_OPTIONS) -x -u -c $(top_builddir)/po/.intltool-merge-cache $(top_srcdir)/po $< $@'
INTLTOOL__v_MERGE_0='@echo "  ITMRG " $@;'
INTLTOOL__v_MERGE_='$(INTLTOOL__v_MERGE_$(AM_DEFAULT_VERBOSITY))'
INTROSPECTION_CFLAGS='-I/usr/include/gobject-introspection-1.0 -I/usr/include/glib-2.0 -I/usr/lib/x86_64-linux-gnu/glib-2.0/include'
INTROSPECTION_COMPILER='/usr/bin/g-ir-compiler'
INTROSPECTION_GENERATE='/usr/bin/g-ir-generate'
INTROSPECTION_GIRDIR='/usr/share/gir-1.0'
INTROSPECTION_LIBS='-lgirepository-1.0 -lgobject-2.0 -lglib-2.0'
INTROSPECTION_MAKEFILE='/usr/share/gobject-introspection-1.0/Makefile.introspection'
INTROSPECTION_SCANNER='/usr/bin/g-ir-scanner'
INTROSPECTION_TEN_FALSE='#'
INTROSPECTION_TEN_TRUE=''
INTROSPECTION_TYPELIBDIR='/usr/lib/x86_64-linux-gnu/girepository-1.0'
LCOV=''
LD='/usr/x86_64-unknown-linux-gnu/bin/ld -m elf_x86_64'
LDFLAGS='-L/app/lib -Wl,-z,relro,-z,now -Wl,--as-needed '
LIBDBUSMENU_AGE='0'
LIBDBUSMENU_CURRENT='4'
LIBDBUSMENU_REVISION='12'
LIBOBJS=''
LIBS=''
LIBTOOL='$(SHELL) $(top_builddir)/libtool'
LIPO=''
LN_S='ln -s'
LTLIBOBJS=''
LT_SYS_LIBRARY_PATH=''
MAINT='#'
MAINTAINER_MODE_FALSE=''
MAINTAINER_MODE_TRUE='#'
MAKEINFO='${SHELL} /run/build/libdbusmenu-gtk3/missing makeinfo'
MANIFEST_TOOL=':'
MKDIR_P='/usr/bin/mkdir -p'
MKINSTALLDIRS='./mkinstalldirs'
MSGFMT='/usr/bin/msgfmt'
MSGFMT_OPTS='-c'
MSGMERGE='/usr/bin/msgmerge'
NM='/usr/bin/nm -B'
NMEDIT=''
OBJDUMP='objdump'
OBJEXT='o'
OTOOL64=''
OTOOL=''
PACKAGE='libdbusmenu'
PACKAGE_BUGREPORT='ted@canonical.com'
PACKAGE_NAME='libdbusmenu'
PACKAGE_STRING='libdbusmenu 16.04.0'
PACKAGE_TARNAME='libdbusmenu'
PACKAGE_URL=''
PACKAGE_VERSION='16.04.0'
PATH_SEPARATOR=':'
PKG_CONFIG='/usr/bin/pkg-config'
PKG_CONFIG_LIBDIR=''
PKG_CONFIG_PATH='/app/lib/pkgconfig:/app/share/pkgconfig:/usr/lib/pkgconfig:/usr/share/pkgconfig'
POFILES=''
POSUB='po'
PO_IN_DATADIR_FALSE=''
PO_IN_DATADIR_TRUE=''
RANLIB='ranlib'
SED='/usr/bin/sed'
SET_MAKE=''
SHELL='/bin/sh'
SHTOOL=''
STRIP='strip'
USE_GTK3_FALSE='#'
USE_GTK3_TRUE=''
USE_NLS='yes'
VALA_API_GEN=''
VERSION='16.04.0'
WANT_DBUSMENUDUMPER_FALSE=''
WANT_DBUSMENUDUMPER_TRUE='#'
WANT_LIBDBUSMENUGTK_FALSE='#'
WANT_LIBDBUSMENUGTK_TRUE=''
WANT_TESTS_FALSE='#'
WANT_TESTS_TRUE=''
XGETTEXT='/usr/bin/xgettext'
XSLT_PROC='/usr/bin/xsltproc'
ac_ct_AR='ar'
ac_ct_CC='gcc'
ac_ct_DUMPBIN=''
am__EXEEXT_FALSE=''
am__EXEEXT_TRUE='#'
am__fastdepCC_FALSE='#'
am__fastdepCC_TRUE=''
am__include='include'
am__isrc=''
am__leading_dot='.'
am__nodep='_no'
am__quote=''
am__tar='$${TAR-tar} chof - "$$tardir"'
am__untar='$${TAR-tar} xf -'
bindir='${exec_prefix}/bin'
build='x86_64-pc-linux-gnu'
build_alias=''
build_cpu='x86_64'
build_os='linux-gnu'
build_vendor='pc'
datadir='${datarootdir}'
datarootdir='/app/share'
docdir='${datarootdir}/doc/${PACKAGE_TARNAME}'
dvidir='${docdir}'
exec_prefix='${prefix}'
host='x86_64-pc-linux-gnu'
host_alias=''
host_cpu='x86_64'
host_os='linux-gnu'
host_vendor='pc'
htmldir='${docdir}'
includedir='${prefix}/include'
infodir='${datarootdir}/info'
install_sh='${SHELL} /run/build/libdbusmenu-gtk3/install-sh'
intltool__v_merge_options_0='-q'
intltool__v_merge_options_='$(intltool__v_merge_options_$(AM_DEFAULT_VERBOSITY))'
libdir='/app/lib'
libexecdir='/app/lib'
localedir='${datarootdir}/locale'
localstatedir='${prefix}/var'
mandir='${datarootdir}/man'
mkdir_p='$(MKDIR_P)'
oldincludedir='/usr/include'
pdfdir='${docdir}'
prefix='/app'
program_transform_name='s,x,x,'
psdir='${docdir}'
runstatedir='${localstatedir}/run'
sbindir='${exec_prefix}/sbin'
sharedstatedir='${prefix}/com'
sysconfdir='${prefix}/etc'
target_alias=''

## ----------- ##
## confdefs.h. ##
## ----------- ##

/* confdefs.h */
#define PACKAGE_NAME "libdbusmenu"
#define PACKAGE_TARNAME "libdbusmenu"
#define PACKAGE_VERSION "16.04.0"
#define PACKAGE_STRING "libdbusmenu 16.04.0"
#define PACKAGE_BUGREPORT "ted@canonical.com"
#define PACKAGE_URL ""
#define STDC_HEADERS 1
#define HAVE_SYS_TYPES_H 1
#define HAVE_SYS_STAT_H 1
#define HAVE_STDLIB_H 1
#define HAVE_STRING_H 1
#define HAVE_MEMORY_H 1
#define HAVE_STRINGS_H 1
#define HAVE_INTTYPES_H 1
#define HAVE_STDINT_H 1
#define HAVE_UNISTD_H 1
#define HAVE_DLFCN_H 1
#define LT_OBJDIR ".libs/"
#define GETTEXT_PACKAGE "libdbusmenu"
#define HAVE_LOCALE_H 1
#define HAVE_LC_MESSAGES 1
#define HAVE_BIND_TEXTDOMAIN_CODESET 1
#define HAVE_GETTEXT 1
#define HAVE_DCGETTEXT 1
#define ENABLE_NLS 1

configure: exit 0
