This file contains any messages produced by compilers while
running configure, to aid debugging if configure makes a mistake.

It was created by libindicator configure 12.10.1, which was
generated by GNU Autoconf 2.69.  Invocation command line was

  $ ./configure --prefix=/app --with-gtk=3 --prefix=/app --libdir=/app/lib --disable-static --disable-tests

## --------- ##
## Platform. ##
## --------- ##

hostname = steamdeck
uname -m = x86_64
uname -r = 6.5.0-valve23-1-neptune-65-g385b5e207ae2
uname -s = Linux
uname -v = #1 SMP PREEMPT_DYNAMIC Fri, 13 Dec 2024 00:16:59 +0000

/usr/bin/uname -p = unknown
/bin/uname -X     = unknown

/bin/arch              = x86_64
/usr/bin/arch -k       = unknown
/usr/convex/getsysinfo = unknown
/usr/bin/hostinfo      = unknown
/bin/machine           = unknown
/usr/bin/oslevel       = unknown
/bin/universe          = unknown

PATH: /app/bin
PATH: /usr/bin


## ----------- ##
## Core tests. ##
## ----------- ##

configure:2227: checking for a BSD-compatible install
configure:2295: result: /usr/bin/install -c
configure:2306: checking whether build environment is sane
configure:2356: result: yes
configure:2497: checking for a thread-safe mkdir -p
configure:2536: result: /usr/bin/mkdir -p
configure:2549: checking for gawk
configure:2565: found /usr/bin/gawk
configure:2576: result: gawk
configure:2587: checking whether make sets $(MAKE)
configure:2609: result: yes
configure:2684: checking how to create a pax tar archive
configure:2697: tar --version
tar (GNU tar) 1.35
Copyright (C) 2023 Free Software Foundation, Inc.
License GPLv3+: GNU GPL version 3 or later <https://gnu.org/licenses/gpl.html>.
This is free software: you are free to change and redistribute it.
There is NO WARRANTY, to the extent permitted by law.

Written by John Gilmore and Jay Fenlason.
configure:2700: $? = 0
configure:2740: tardir=conftest.dir && eval tar --format=posix -chf - "$tardir" >conftest.tar
configure:2743: $? = 0
configure:2747: tar -xf - <conftest.tar
configure:2750: $? = 0
configure:2763: result: gnutar
configure:2772: checking whether to enable maintainer-specific portions of Makefiles
configure:2781: result: yes
configure:2806: checking whether make supports nested variables
configure:2823: result: yes
configure:2884: checking for gcc
configure:2900: found /usr/bin/gcc
configure:2911: result: gcc
configure:3140: checking for C compiler version
configure:3149: gcc --version >&5
gcc (GCC) 13.2.0
Copyright (C) 2023 Free Software Foundation, Inc.
This is free software; see the source for copying conditions.  There is NO
warranty; not even for MERCHANTABILITY or FITNESS FOR A PARTICULAR PURPOSE.

configure:3160: $? = 0
configure:3149: gcc -v >&5
Using built-in specs.
COLLECT_GCC=gcc
COLLECT_LTO_WRAPPER=/usr/libexec/gcc/x86_64-unknown-linux-gnu/13.2.0/lto-wrapper
Target: x86_64-unknown-linux-gnu
Configured with: ../configure --prefix=/usr --exec-prefix=/usr --bindir=/usr/bin --sbindir=/usr/bin --sysconfdir=/etc --datadir=/usr/share --includedir=/usr/include --libdir=/usr/lib --libexecdir=/usr/libexec --localstatedir=/var --sharedstatedir=/usr/com --mandir=/usr/share/man --infodir=/usr/share/info --enable-deterministic-archives --enable-shared --build=x86_64-bootstrapper-linux-gnu --host=x86_64-unknown-linux-gnu lt_cv_sys_lib_dlsearch_path_spec=/usr/lib/x86_64-linux-gnu --target=x86_64-unknown-linux-gnu --disable-multilib --enable-multiarch --disable-bootstrap --with-build-sysroot=/cross-installation --enable-languages=c,c++,fortran,objc,obj-c++ --enable-default-pie --enable-default-ssp --with-isl --disable-libssp --enable-linker-build-id --disable-libstdcxx-filesystem-ts --enable-cet host_configargs=lt_cv_sys_lib_dlsearch_path_spec=/usr/lib/x86_64-linux-gnu target_configargs=lt_cv_sys_lib_dlsearch_path_spec=/usr/lib/x86_64-linux-gnu --with-tune=generic
Thread model: posix
Supported LTO compression algorithms: zlib
gcc version 13.2.0 (GCC) 
configure:3160: $? = 0
configure:3149: gcc -V >&5
gcc: error: unrecognized command-line option '-V'
gcc: fatal error: no input files
compilation terminated.
configure:3160: $? = 1
configure:3149: gcc -qversion >&5
gcc: error: unrecognized command-line option '-qversion'; did you mean '--version'?
gcc: fatal error: no input files
compilation terminated.
configure:3160: $? = 1
configure:3180: checking whether the C compiler works
configure:3202: gcc -O2 -pipe -g -Wp,-D_FORTIFY_SOURCE=2 -Wp,-D_GLIBCXX_ASSERTIONS -fexceptions -fstack-protector-strong -grecord-gcc-switches -fasynchronous-unwind-tables -fstack-clash-protection -fcf-protection -fno-omit-frame-pointer  -Wno-error  -lglib-2.0 -lm conftest.c  >&5
configure:3206: $? = 0
configure:3254: result: yes
configure:3257: checking for C compiler default output file name
configure:3259: result: a.out
configure:3265: checking for suffix of executables
configure:3272: gcc -o conftest -O2 -pipe -g -Wp,-D_FORTIFY_SOURCE=2 -Wp,-D_GLIBCXX_ASSERTIONS -fexceptions -fstack-protector-strong -grecord-gcc-switches -fasynchronous-unwind-tables -fstack-clash-protection -fcf-protection -fno-omit-frame-pointer  -Wno-error  -lglib-2.0 -lm conftest.c  >&5
configure:3276: $? = 0
configure:3298: result: 
configure:3320: checking whether we are cross compiling
configure:3328: gcc -o conftest -O2 -pipe -g -Wp,-D_FORTIFY_SOURCE=2 -Wp,-D_GLIBCXX_ASSERTIONS -fexceptions -fstack-protector-strong -grecord-gcc-switches -fasynchronous-unwind-tables -fstack-clash-protection -fcf-protection -fno-omit-frame-pointer  -Wno-error  -lglib-2.0 -lm conftest.c  >&5
configure:3332: $? = 0
configure:3339: ./conftest
configure:3343: $? = 0
configure:3358: result: no
configure:3363: checking for suffix of object files
configure:3385: gcc -c -O2 -pipe -g -Wp,-D_FORTIFY_SOURCE=2 -Wp,-D_GLIBCXX_ASSERTIONS -fexceptions -fstack-protector-strong -grecord-gcc-switches -fasynchronous-unwind-tables -fstack-clash-protection -fcf-protection -fno-omit-frame-pointer  -Wno-error  conftest.c >&5
configure:3389: $? = 0
configure:3410: result: o
configure:3414: checking whether we are using the GNU C compiler
configure:3433: gcc -c -O2 -pipe -g -Wp,-D_FORTIFY_SOURCE=2 -Wp,-D_GLIBCXX_ASSERTIONS -fexceptions -fstack-protector-strong -grecord-gcc-switches -fasynchronous-unwind-tables -fstack-clash-protection -fcf-protection -fno-omit-frame-pointer  -Wno-error  conftest.c >&5
configure:3433: $? = 0
configure:3442: result: yes
configure:3451: checking whether gcc accepts -g
configure:3471: gcc -c -g  conftest.c >&5
configure:3471: $? = 0
configure:3512: result: yes
configure:3529: checking for gcc option to accept ISO C89
configure:3592: gcc  -c -O2 -pipe -g -Wp,-D_FORTIFY_SOURCE=2 -Wp,-D_GLIBCXX_ASSERTIONS -fexceptions -fstack-protector-strong -grecord-gcc-switches -fasynchronous-unwind-tables -fstack-clash-protection -fcf-protection -fno-omit-frame-pointer  -Wno-error  conftest.c >&5
configure:3592: $? = 0
configure:3605: result: none needed
configure:3636: checking for style of include used by make
configure:3664: result: GNU
configure:3690: checking dependency style of gcc
configure:3801: result: gcc3
configure:3817: checking whether gcc and cc understand -c and -o together
configure:3848: gcc -c conftest.c -o conftest2.o >&5
configure:3852: $? = 0
configure:3858: gcc -c conftest.c -o conftest2.o >&5
configure:3862: $? = 0
configure:3873: cc -c conftest.c >&5
configure:3877: $? = 0
configure:3885: cc -c conftest.c -o conftest2.o >&5
configure:3889: $? = 0
configure:3895: cc -c conftest.c -o conftest2.o >&5
configure:3899: $? = 0
configure:3917: result: yes
configure:3974: checking build system type
configure:3988: result: x86_64-unknown-linux-gnu
configure:4008: checking host system type
configure:4021: result: x86_64-unknown-linux-gnu
configure:4062: checking how to print strings
configure:4089: result: printf
configure:4110: checking for a sed that does not truncate output
configure:4174: result: /usr/bin/sed
configure:4192: checking for grep that handles long lines and -e
configure:4250: result: /usr/bin/grep
configure:4255: checking for egrep
configure:4317: result: /usr/bin/grep -E
configure:4322: checking for fgrep
configure:4384: result: /usr/bin/grep -F
configure:4419: checking for ld used by gcc
configure:4486: result: /usr/x86_64-unknown-linux-gnu/bin/ld
configure:4493: checking if the linker (/usr/x86_64-unknown-linux-gnu/bin/ld) is GNU ld
configure:4508: result: yes
configure:4520: checking for BSD- or MS-compatible name lister (nm)
configure:4569: result: /usr/bin/nm -B
configure:4699: checking the name lister (/usr/bin/nm -B) interface
configure:4706: gcc -c -O2 -pipe -g -Wp,-D_FORTIFY_SOURCE=2 -Wp,-D_GLIBCXX_ASSERTIONS -fexceptions -fstack-protector-strong -grecord-gcc-switches -fasynchronous-unwind-tables -fstack-clash-protection -fcf-protection -fno-omit-frame-pointer  -Wno-error  conftest.c >&5
configure:4709: /usr/bin/nm -B "conftest.o"
configure:4712: output
0000000000000000 B some_variable
configure:4719: result: BSD nm
configure:4722: checking whether ln -s works
configure:4726: result: yes
configure:4734: checking the maximum length of command line arguments
configure:4864: result: 1572864
configure:4881: checking whether the shell understands some XSI constructs
configure:4891: result: yes
configure:4895: checking whether the shell understands "+="
configure:4901: result: yes
configure:4936: checking how to convert x86_64-unknown-linux-gnu file names to x86_64-unknown-linux-gnu format
configure:4976: result: func_convert_file_noop
configure:4983: checking how to convert x86_64-unknown-linux-gnu file names to toolchain format
configure:5003: result: func_convert_file_noop
configure:5010: checking for /usr/x86_64-unknown-linux-gnu/bin/ld option to reload object files
configure:5017: result: -r
configure:5091: checking for objdump
configure:5107: found /usr/bin/objdump
configure:5118: result: objdump
configure:5150: checking how to recognize dependent libraries
configure:5352: result: pass_all
configure:5437: checking for dlltool
configure:5467: result: no
configure:5497: checking how to associate runtime and link libraries
configure:5524: result: printf %s\n
configure:5585: checking for ar
configure:5601: found /usr/bin/ar
configure:5612: result: ar
configure:5649: checking for archiver @FILE support
configure:5666: gcc -c -O2 -pipe -g -Wp,-D_FORTIFY_SOURCE=2 -Wp,-D_GLIBCXX_ASSERTIONS -fexceptions -fstack-protector-strong -grecord-gcc-switches -fasynchronous-unwind-tables -fstack-clash-protection -fcf-protection -fno-omit-frame-pointer  -Wno-error  conftest.c >&5
configure:5666: $? = 0
configure:5669: ar cru libconftest.a @conftest.lst >&5
ar: `u' modifier ignored since `D' is the default (see `U')
configure:5672: $? = 0
configure:5677: ar cru libconftest.a @conftest.lst >&5
ar: `u' modifier ignored since `D' is the default (see `U')
ar: conftest.o: No such file or directory
configure:5680: $? = 1
configure:5692: result: @
configure:5750: checking for strip
configure:5766: found /usr/bin/strip
configure:5777: result: strip
configure:5849: checking for ranlib
configure:5865: found /usr/bin/ranlib
configure:5876: result: ranlib
configure:5978: checking command to parse /usr/bin/nm -B output from gcc object
configure:6098: gcc -c -O2 -pipe -g -Wp,-D_FORTIFY_SOURCE=2 -Wp,-D_GLIBCXX_ASSERTIONS -fexceptions -fstack-protector-strong -grecord-gcc-switches -fasynchronous-unwind-tables -fstack-clash-protection -fcf-protection -fno-omit-frame-pointer  -Wno-error  conftest.c >&5
configure:6101: $? = 0
configure:6105: /usr/bin/nm -B conftest.o \| sed -n -e 's/^.*[ ]\([ABCDGIRSTW][ABCDGIRSTW]*\)[ ][ ]*\([_A-Za-z][_A-Za-z0-9]*\)$/\1 \2 \2/p' | sed '/ __gnu_lto/d' \> conftest.nm
configure:6108: $? = 0
configure:6174: gcc -o conftest -O2 -pipe -g -Wp,-D_FORTIFY_SOURCE=2 -Wp,-D_GLIBCXX_ASSERTIONS -fexceptions -fstack-protector-strong -grecord-gcc-switches -fasynchronous-unwind-tables -fstack-clash-protection -fcf-protection -fno-omit-frame-pointer  -Wno-error  -lglib-2.0 -lm conftest.c conftstm.o >&5
configure:6177: $? = 0
configure:6215: result: ok
configure:6252: checking for sysroot
configure:6282: result: no
configure:6359: gcc -c -O2 -pipe -g -Wp,-D_FORTIFY_SOURCE=2 -Wp,-D_GLIBCXX_ASSERTIONS -fexceptions -fstack-protector-strong -grecord-gcc-switches -fasynchronous-unwind-tables -fstack-clash-protection -fcf-protection -fno-omit-frame-pointer  -Wno-error  conftest.c >&5
configure:6362: $? = 0
configure:6538: checking for mt
configure:6568: result: no
configure:6588: checking if : is a manifest tool
configure:6594: : '-?'
configure:6602: result: no
configure:7244: checking how to run the C preprocessor
configure:7275: gcc -E  conftest.c
configure:7275: $? = 0
configure:7289: gcc -E  conftest.c
conftest.c:11:10: fatal error: ac_nonexistent.h: No such file or directory
   11 | #include <ac_nonexistent.h>
      |          ^~~~~~~~~~~~~~~~~~
compilation terminated.
configure:7289: $? = 1
configure: failed program was:
| /* confdefs.h */
| #define PACKAGE_NAME "libindicator"
| #define PACKAGE_TARNAME "libindicator"
| #define PACKAGE_VERSION "12.10.1"
| #define PACKAGE_STRING "libindicator 12.10.1"
| #define PACKAGE_BUGREPORT "http://bugs.launchpad.net/libindicator"
| #define PACKAGE_URL "http://launchpad.net/libindicator"
| #define PACKAGE "libindicator"
| #define VERSION "12.10.1"
| /* end confdefs.h.  */
| #include <ac_nonexistent.h>
configure:7314: result: gcc -E
configure:7334: gcc -E  conftest.c
configure:7334: $? = 0
configure:7348: gcc -E  conftest.c
conftest.c:11:10: fatal error: ac_nonexistent.h: No such file or directory
   11 | #include <ac_nonexistent.h>
      |          ^~~~~~~~~~~~~~~~~~
compilation terminated.
configure:7348: $? = 1
configure: failed program was:
| /* confdefs.h */
| #define PACKAGE_NAME "libindicator"
| #define PACKAGE_TARNAME "libindicator"
| #define PACKAGE_VERSION "12.10.1"
| #define PACKAGE_STRING "libindicator 12.10.1"
| #define PACKAGE_BUGREPORT "http://bugs.launchpad.net/libindicator"
| #define PACKAGE_URL "http://launchpad.net/libindicator"
| #define PACKAGE "libindicator"
| #define VERSION "12.10.1"
| /* end confdefs.h.  */
| #include <ac_nonexistent.h>
configure:7377: checking for ANSI C header files
configure:7397: gcc -c -O2 -pipe -g -Wp,-D_FORTIFY_SOURCE=2 -Wp,-D_GLIBCXX_ASSERTIONS -fexceptions -fstack-protector-strong -grecord-gcc-switches -fasynchronous-unwind-tables -fstack-clash-protection -fcf-protection -fno-omit-frame-pointer  -Wno-error  conftest.c >&5
configure:7397: $? = 0
configure:7470: gcc -o conftest -O2 -pipe -g -Wp,-D_FORTIFY_SOURCE=2 -Wp,-D_GLIBCXX_ASSERTIONS -fexceptions -fstack-protector-strong -grecord-gcc-switches -fasynchronous-unwind-tables -fstack-clash-protection -fcf-protection -fno-omit-frame-pointer  -Wno-error  -lglib-2.0 -lm conftest.c  >&5
configure:7470: $? = 0
configure:7470: ./conftest
configure:7470: $? = 0
configure:7481: result: yes
configure:7494: checking for sys/types.h
configure:7494: gcc -c -O2 -pipe -g -Wp,-D_FORTIFY_SOURCE=2 -Wp,-D_GLIBCXX_ASSERTIONS -fexceptions -fstack-protector-strong -grecord-gcc-switches -fasynchronous-unwind-tables -fstack-clash-protection -fcf-protection -fno-omit-frame-pointer  -Wno-error  conftest.c >&5
configure:7494: $? = 0
configure:7494: result: yes
configure:7494: checking for sys/stat.h
configure:7494: gcc -c -O2 -pipe -g -Wp,-D_FORTIFY_SOURCE=2 -Wp,-D_GLIBCXX_ASSERTIONS -fexceptions -fstack-protector-strong -grecord-gcc-switches -fasynchronous-unwind-tables -fstack-clash-protection -fcf-protection -fno-omit-frame-pointer  -Wno-error  conftest.c >&5
configure:7494: $? = 0
configure:7494: result: yes
configure:7494: checking for stdlib.h
configure:7494: gcc -c -O2 -pipe -g -Wp,-D_FORTIFY_SOURCE=2 -Wp,-D_GLIBCXX_ASSERTIONS -fexceptions -fstack-protector-strong -grecord-gcc-switches -fasynchronous-unwind-tables -fstack-clash-protection -fcf-protection -fno-omit-frame-pointer  -Wno-error  conftest.c >&5
configure:7494: $? = 0
configure:7494: result: yes
configure:7494: checking for string.h
configure:7494: gcc -c -O2 -pipe -g -Wp,-D_FORTIFY_SOURCE=2 -Wp,-D_GLIBCXX_ASSERTIONS -fexceptions -fstack-protector-strong -grecord-gcc-switches -fasynchronous-unwind-tables -fstack-clash-protection -fcf-protection -fno-omit-frame-pointer  -Wno-error  conftest.c >&5
configure:7494: $? = 0
configure:7494: result: yes
configure:7494: checking for memory.h
configure:7494: gcc -c -O2 -pipe -g -Wp,-D_FORTIFY_SOURCE=2 -Wp,-D_GLIBCXX_ASSERTIONS -fexceptions -fstack-protector-strong -grecord-gcc-switches -fasynchronous-unwind-tables -fstack-clash-protection -fcf-protection -fno-omit-frame-pointer  -Wno-error  conftest.c >&5
configure:7494: $? = 0
configure:7494: result: yes
configure:7494: checking for strings.h
configure:7494: gcc -c -O2 -pipe -g -Wp,-D_FORTIFY_SOURCE=2 -Wp,-D_GLIBCXX_ASSERTIONS -fexceptions -fstack-protector-strong -grecord-gcc-switches -fasynchronous-unwind-tables -fstack-clash-protection -fcf-protection -fno-omit-frame-pointer  -Wno-error  conftest.c >&5
configure:7494: $? = 0
configure:7494: result: yes
configure:7494: checking for inttypes.h
configure:7494: gcc -c -O2 -pipe -g -Wp,-D_FORTIFY_SOURCE=2 -Wp,-D_GLIBCXX_ASSERTIONS -fexceptions -fstack-protector-strong -grecord-gcc-switches -fasynchronous-unwind-tables -fstack-clash-protection -fcf-protection -fno-omit-frame-pointer  -Wno-error  conftest.c >&5
configure:7494: $? = 0
configure:7494: result: yes
configure:7494: checking for stdint.h
configure:7494: gcc -c -O2 -pipe -g -Wp,-D_FORTIFY_SOURCE=2 -Wp,-D_GLIBCXX_ASSERTIONS -fexceptions -fstack-protector-strong -grecord-gcc-switches -fasynchronous-unwind-tables -fstack-clash-protection -fcf-protection -fno-omit-frame-pointer  -Wno-error  conftest.c >&5
configure:7494: $? = 0
configure:7494: result: yes
configure:7494: checking for unistd.h
configure:7494: gcc -c -O2 -pipe -g -Wp,-D_FORTIFY_SOURCE=2 -Wp,-D_GLIBCXX_ASSERTIONS -fexceptions -fstack-protector-strong -grecord-gcc-switches -fasynchronous-unwind-tables -fstack-clash-protection -fcf-protection -fno-omit-frame-pointer  -Wno-error  conftest.c >&5
configure:7494: $? = 0
configure:7494: result: yes
configure:7508: checking for dlfcn.h
configure:7508: gcc -c -O2 -pipe -g -Wp,-D_FORTIFY_SOURCE=2 -Wp,-D_GLIBCXX_ASSERTIONS -fexceptions -fstack-protector-strong -grecord-gcc-switches -fasynchronous-unwind-tables -fstack-clash-protection -fcf-protection -fno-omit-frame-pointer  -Wno-error  conftest.c >&5
configure:7508: $? = 0
configure:7508: result: yes
configure:7714: checking for objdir
configure:7729: result: .libs
configure:8000: checking if gcc supports -fno-rtti -fno-exceptions
configure:8018: gcc -c -O2 -pipe -g -Wp,-D_FORTIFY_SOURCE=2 -Wp,-D_GLIBCXX_ASSERTIONS -fexceptions -fstack-protector-strong -grecord-gcc-switches -fasynchronous-unwind-tables -fstack-clash-protection -fcf-protection -fno-omit-frame-pointer  -Wno-error  -fno-rtti -fno-exceptions conftest.c >&5
cc1: warning: command-line option '-fno-rtti' is valid for C++/D/ObjC++ but not for C
configure:8022: $? = 0
configure:8035: result: no
configure:8362: checking for gcc option to produce PIC
configure:8369: result: -fPIC -DPIC
configure:8377: checking if gcc PIC flag -fPIC -DPIC works
configure:8395: gcc -c -O2 -pipe -g -Wp,-D_FORTIFY_SOURCE=2 -Wp,-D_GLIBCXX_ASSERTIONS -fexceptions -fstack-protector-strong -grecord-gcc-switches -fasynchronous-unwind-tables -fstack-clash-protection -fcf-protection -fno-omit-frame-pointer  -Wno-error  -fPIC -DPIC -DPIC conftest.c >&5
configure:8399: $? = 0
configure:8412: result: yes
configure:8441: checking if gcc static flag -static works
configure:8469: result: no
configure:8484: checking if gcc supports -c -o file.o
configure:8505: gcc -c -O2 -pipe -g -Wp,-D_FORTIFY_SOURCE=2 -Wp,-D_GLIBCXX_ASSERTIONS -fexceptions -fstack-protector-strong -grecord-gcc-switches -fasynchronous-unwind-tables -fstack-clash-protection -fcf-protection -fno-omit-frame-pointer  -Wno-error  -o out/conftest2.o conftest.c >&5
configure:8509: $? = 0
configure:8531: result: yes
configure:8539: checking if gcc supports -c -o file.o
configure:8586: result: yes
configure:8619: checking whether the gcc linker (/usr/x86_64-unknown-linux-gnu/bin/ld -m elf_x86_64) supports shared libraries
configure:9776: result: yes
configure:9813: checking whether -lc should be explicitly linked in
configure:9821: gcc -c -O2 -pipe -g -Wp,-D_FORTIFY_SOURCE=2 -Wp,-D_GLIBCXX_ASSERTIONS -fexceptions -fstack-protector-strong -grecord-gcc-switches -fasynchronous-unwind-tables -fstack-clash-protection -fcf-protection -fno-omit-frame-pointer  -Wno-error  conftest.c >&5
configure:9824: $? = 0
configure:9839: gcc -shared  -fPIC -DPIC conftest.o  -v -Wl,-soname -Wl,conftest -o conftest 2\>\&1 \| /usr/bin/grep  -lc  \>/dev/null 2\>\&1
configure:9842: $? = 0
configure:9856: result: no
configure:10016: checking dynamic linker characteristics
configure:10527: gcc -o conftest -O2 -pipe -g -Wp,-D_FORTIFY_SOURCE=2 -Wp,-D_GLIBCXX_ASSERTIONS -fexceptions -fstack-protector-strong -grecord-gcc-switches -fasynchronous-unwind-tables -fstack-clash-protection -fcf-protection -fno-omit-frame-pointer  -Wno-error  -lglib-2.0 -lm -Wl,-rpath -Wl,/foo conftest.c  >&5
configure:10527: $? = 0
configure:10761: result: GNU/Linux ld.so
configure:10868: checking how to hardcode library paths into programs
configure:10893: result: immediate
configure:11433: checking whether stripping libraries is possible
configure:11438: result: yes
configure:11473: checking if libtool supports shared libraries
configure:11475: result: yes
configure:11478: checking whether to build shared libraries
configure:11499: result: yes
configure:11502: checking whether to build static libraries
configure:11506: result: no
configure:11546: checking for glib-mkenums
configure:11564: found /app/bin/glib-mkenums
configure:11576: result: /app/bin/glib-mkenums
configure:11586: checking for glib-genmarshal
configure:11604: found /app/bin/glib-genmarshal
configure:11616: result: /app/bin/glib-genmarshal
configure:11708: checking for pkg-config
configure:11726: found /usr/bin/pkg-config
configure:11738: result: /usr/bin/pkg-config
configure:11763: checking pkg-config is at least version 0.9.0
configure:11766: result: yes
configure:11777: checking for LIBINDICATOR
configure:11786: $PKG_CONFIG --exists --print-errors "gtk+-3.0 >= $GTK3_REQUIRED_VERSION
                                          gmodule-2.0
                                          gio-unix-2.0 >= $GIO_UNIX_REQUIRED_VERSION"
configure:11791: $? = 0
configure:11809: $PKG_CONFIG --exists --print-errors "gtk+-3.0 >= $GTK3_REQUIRED_VERSION
                                          gmodule-2.0
                                          gio-unix-2.0 >= $GIO_UNIX_REQUIRED_VERSION"
configure:11814: $? = 0
configure:11880: result: yes
configure:12100: checking for cos in -lm
configure:12125: gcc -o conftest -O2 -pipe -g -Wp,-D_FORTIFY_SOURCE=2 -Wp,-D_GLIBCXX_ASSERTIONS -fexceptions -fstack-protector-strong -grecord-gcc-switches -fasynchronous-unwind-tables -fstack-clash-protection -fcf-protection -fno-omit-frame-pointer  -Wno-error  -lglib-2.0 -lm conftest.c -lm   >&5
conftest.c:30:6: warning: conflicting types for built-in function 'cos'; expected 'double(double)' [-Wbuiltin-declaration-mismatch]
   30 | char cos ();
      |      ^~~
conftest.c:1:1: note: 'cos' is declared in header '<math.h>'
    1 | /* confdefs.h */
configure:12125: $? = 0
configure:12134: result: yes
configure:12689: creating ./config.status

## ---------------------- ##
## Running config.status. ##
## ---------------------- ##

This file was extended by libindicator config.status 12.10.1, which was
generated by GNU Autoconf 2.69.  Invocation command line was

  CONFIG_FILES    = 
  CONFIG_HEADERS  = 
  CONFIG_LINKS    = 
  CONFIG_COMMANDS = 
  $ ./config.status 

on steamdeck

config.status:1129: creating Makefile
config.status:1129: creating libindicator/Makefile
config.status:1129: creating libindicator/indicator-0.4.pc.in
config.status:1129: creating libindicator/indicator3-0.4.pc.in
config.status:1129: creating tests/Makefile
config.status:1129: creating tools/Makefile
config.status:1129: creating config.h
config.status:1358: executing depfiles commands
config.status:1358: executing libtool commands
configure:14936:

Libindicator Configuration:

	Prefix:                 /app
	GTK+ Version:           3

	Enable tests:           no
	Enable debugging:       no
	Coverage reporting:     no


## ---------------- ##
## Cache variables. ##
## ---------------- ##

ac_cv_build=x86_64-unknown-linux-gnu
ac_cv_c_compiler_gnu=yes
ac_cv_env_CC_set=
ac_cv_env_CC_value=
ac_cv_env_CFLAGS_set=set
ac_cv_env_CFLAGS_value='-O2 -pipe -g -Wp,-D_FORTIFY_SOURCE=2 -Wp,-D_GLIBCXX_ASSERTIONS -fexceptions -fstack-protector-strong -grecord-gcc-switches -fasynchronous-unwind-tables -fstack-clash-protection -fcf-protection -fno-omit-frame-pointer  -Wno-error'
ac_cv_env_CPPFLAGS_set=
ac_cv_env_CPPFLAGS_value=
ac_cv_env_CPP_set=
ac_cv_env_CPP_value=
ac_cv_env_LDFLAGS_set=set
ac_cv_env_LDFLAGS_value='-lglib-2.0 -lm'
ac_cv_env_LIBINDICATOR_CFLAGS_set=
ac_cv_env_LIBINDICATOR_CFLAGS_value=
ac_cv_env_LIBINDICATOR_LIBS_set=
ac_cv_env_LIBINDICATOR_LIBS_value=
ac_cv_env_LIBS_set=
ac_cv_env_LIBS_value=
ac_cv_env_PKG_CONFIG_LIBDIR_set=
ac_cv_env_PKG_CONFIG_LIBDIR_value=
ac_cv_env_PKG_CONFIG_PATH_set=set
ac_cv_env_PKG_CONFIG_PATH_value=/app/lib/pkgconfig:/app/lib/x86_64-linux-gnu/pkgconfig
ac_cv_env_PKG_CONFIG_set=
ac_cv_env_PKG_CONFIG_value=
ac_cv_env_build_alias_set=
ac_cv_env_build_alias_value=
ac_cv_env_host_alias_set=
ac_cv_env_host_alias_value=
ac_cv_env_target_alias_set=
ac_cv_env_target_alias_value=
ac_cv_header_dlfcn_h=yes
ac_cv_header_inttypes_h=yes
ac_cv_header_memory_h=yes
ac_cv_header_stdc=yes
ac_cv_header_stdint_h=yes
ac_cv_header_stdlib_h=yes
ac_cv_header_string_h=yes
ac_cv_header_strings_h=yes
ac_cv_header_sys_stat_h=yes
ac_cv_header_sys_types_h=yes
ac_cv_header_unistd_h=yes
ac_cv_host=x86_64-unknown-linux-gnu
ac_cv_lib_m_cos=yes
ac_cv_objext=o
ac_cv_path_EGREP='/usr/bin/grep -E'
ac_cv_path_FGREP='/usr/bin/grep -F'
ac_cv_path_GLIB_GENMARSHAL=/app/bin/glib-genmarshal
ac_cv_path_GLIB_MKENUMS=/app/bin/glib-mkenums
ac_cv_path_GREP=/usr/bin/grep
ac_cv_path_SED=/usr/bin/sed
ac_cv_path_ac_pt_PKG_CONFIG=/usr/bin/pkg-config
ac_cv_path_install='/usr/bin/install -c'
ac_cv_path_mkdir=/usr/bin/mkdir
ac_cv_prog_AWK=gawk
ac_cv_prog_CPP='gcc -E'
ac_cv_prog_ac_ct_AR=ar
ac_cv_prog_ac_ct_CC=gcc
ac_cv_prog_ac_ct_OBJDUMP=objdump
ac_cv_prog_ac_ct_RANLIB=ranlib
ac_cv_prog_ac_ct_STRIP=strip
ac_cv_prog_cc_c89=
ac_cv_prog_cc_g=yes
ac_cv_prog_cc_gcc_c_o=yes
ac_cv_prog_make_make_set=yes
am_cv_CC_dependencies_compiler_type=gcc3
am_cv_make_support_nested_variables=yes
am_cv_prog_tar_pax=gnutar
lt_cv_ar_at_file=@
lt_cv_archive_cmds_need_lc=no
lt_cv_deplibs_check_method=pass_all
lt_cv_file_magic_cmd='$MAGIC_CMD'
lt_cv_file_magic_test_file=
lt_cv_ld_reload_flag=-r
lt_cv_nm_interface='BSD nm'
lt_cv_objdir=.libs
lt_cv_path_LD=/usr/x86_64-unknown-linux-gnu/bin/ld
lt_cv_path_NM='/usr/bin/nm -B'
lt_cv_path_mainfest_tool=no
lt_cv_prog_compiler_c_o=yes
lt_cv_prog_compiler_pic='-fPIC -DPIC'
lt_cv_prog_compiler_pic_works=yes
lt_cv_prog_compiler_rtti_exceptions=no
lt_cv_prog_compiler_static_works=no
lt_cv_prog_gnu_ld=yes
lt_cv_sharedlib_from_linklib_cmd='printf %s\n'
lt_cv_shlibpath_overrides_runpath=no
lt_cv_sys_global_symbol_pipe='sed -n -e '\''s/^.*[	 ]\([ABCDGIRSTW][ABCDGIRSTW]*\)[	 ][	 ]*\([_A-Za-z][_A-Za-z0-9]*\)$/\1 \2 \2/p'\'' | sed '\''/ __gnu_lto/d'\'''
lt_cv_sys_global_symbol_to_c_name_address='sed -n -e '\''s/^: \([^ ]*\)[ ]*$/  {\"\1\", (void *) 0},/p'\'' -e '\''s/^[ABCDGIRSTW]* \([^ ]*\) \([^ ]*\)$/  {"\2", (void *) \&\2},/p'\'''
lt_cv_sys_global_symbol_to_c_name_address_lib_prefix='sed -n -e '\''s/^: \([^ ]*\)[ ]*$/  {\"\1\", (void *) 0},/p'\'' -e '\''s/^[ABCDGIRSTW]* \([^ ]*\) \(lib[^ ]*\)$/  {"\2", (void *) \&\2},/p'\'' -e '\''s/^[ABCDGIRSTW]* \([^ ]*\) \([^ ]*\)$/  {"lib\2", (void *) \&\2},/p'\'''
lt_cv_sys_global_symbol_to_cdecl='sed -n -e '\''s/^T .* \(.*\)$/extern int \1();/p'\'' -e '\''s/^[ABCDGIRSTW]* .* \(.*\)$/extern char \1;/p'\'''
lt_cv_sys_max_cmd_len=1572864
lt_cv_to_host_file_cmd=func_convert_file_noop
lt_cv_to_tool_file_cmd=func_convert_file_noop
pkg_cv_LIBINDICATOR_CFLAGS='-I/app/include/gtk-3.0 -I/usr/include/pango-1.0 -I/usr/include/cairo -I/usr/include/gdk-pixbuf-2.0 -I/usr/include/webp -I/usr/include/at-spi2-atk/2.0 -I/usr/include/at-spi-2.0 -I/app/include/atk-1.0 -I/usr/include/dbus-1.0 -I/usr/lib/x86_64-linux-gnu/dbus-1.0/include -I/usr/include/fribidi -I/usr/include/pixman-1 -I/usr/include/harfbuzz -I/usr/include/freetype2 -I/usr/include/libpng16 -I/app/include/gio-unix-2.0 -pthread -I/app/include/glib-2.0 -I/app/lib/glib-2.0/include -I/usr/include/libmount -I/usr/include/blkid'
pkg_cv_LIBINDICATOR_LIBS='-L/app/lib -lgtk-3 -lgdk-3 -lpangocairo-1.0 -lpango-1.0 -lharfbuzz -latk-1.0 -lcairo-gobject -lcairo -lgdk_pixbuf-2.0 -Wl,--export-dynamic -lgmodule-2.0 -pthread -lgio-2.0 -lgobject-2.0 -lglib-2.0'

## ----------------- ##
## Output variables. ##
## ----------------- ##

ACLOCAL='${SHELL} /run/build/libindicator3/build-aux/missing --run aclocal-1.11'
AMDEPBACKSLASH='\'
AMDEP_FALSE='#'
AMDEP_TRUE=''
AMTAR='$${TAR-tar}'
AM_BACKSLASH='\'
AM_DEFAULT_V='$(AM_DEFAULT_VERBOSITY)'
AM_DEFAULT_VERBOSITY='0'
AM_V='$(V)'
AR='ar'
AUTOCONF='${SHELL} /run/build/libindicator3/build-aux/missing --run autoconf'
AUTOHEADER='${SHELL} /run/build/libindicator3/build-aux/missing --run autoheader'
AUTOMAKE='${SHELL} /run/build/libindicator3/build-aux/missing --run automake-1.11'
AWK='gawk'
CC='gcc'
CCDEPMODE='depmode=gcc3'
CFLAGS='-O2 -pipe -g -Wp,-D_FORTIFY_SOURCE=2 -Wp,-D_GLIBCXX_ASSERTIONS -fexceptions -fstack-protector-strong -grecord-gcc-switches -fasynchronous-unwind-tables -fstack-clash-protection -fcf-protection -fno-omit-frame-pointer  -Wno-error'
COVERAGE_CFLAGS=''
COVERAGE_CXXFLAGS=''
COVERAGE_LDFLAGS=''
CPP='gcc -E'
CPPFLAGS=''
CYGPATH_W='echo'
DEFS='-DHAVE_CONFIG_H'
DEPDIR='.deps'
DLLTOOL='false'
DSYMUTIL=''
DUMPBIN=''
ECHO_C=''
ECHO_N='-n'
ECHO_T=''
EGREP='/usr/bin/grep -E'
ENABLE_DEBUG_FALSE=''
ENABLE_DEBUG_TRUE='#'
EXEEXT=''
EXPANDED_SYSCONFDIR='/app/etc'
FGREP='/usr/bin/grep -F'
GCOVR=''
GENHTML=''
GLIB_GENMARSHAL='/app/bin/glib-genmarshal'
GLIB_MKENUMS='/app/bin/glib-mkenums'
GREP='/usr/bin/grep'
HAVE_GCOVR_FALSE=''
HAVE_GCOVR_TRUE='#'
HAVE_GCOV_FALSE=''
HAVE_GCOV_TRUE='#'
HAVE_LCOV_FALSE=''
HAVE_LCOV_TRUE='#'
INSTALL_DATA='${INSTALL} -m 644'
INSTALL_PROGRAM='${INSTALL}'
INSTALL_SCRIPT='${INSTALL}'
INSTALL_STRIP_PROGRAM='$(install_sh) -c -s'
LCOV=''
LD='/usr/x86_64-unknown-linux-gnu/bin/ld -m elf_x86_64'
LDFLAGS='-lglib-2.0 -lm'
LIBDIR='/app/lib'
LIBINDICATOR_CFLAGS='-I/app/include/gtk-3.0 -I/usr/include/pango-1.0 -I/usr/include/cairo -I/usr/include/gdk-pixbuf-2.0 -I/usr/include/webp -I/usr/include/at-spi2-atk/2.0 -I/usr/include/at-spi-2.0 -I/app/include/atk-1.0 -I/usr/include/dbus-1.0 -I/usr/lib/x86_64-linux-gnu/dbus-1.0/include -I/usr/include/fribidi -I/usr/include/pixman-1 -I/usr/include/harfbuzz -I/usr/include/freetype2 -I/usr/include/libpng16 -I/app/include/gio-unix-2.0 -pthread -I/app/include/glib-2.0 -I/app/lib/glib-2.0/include -I/usr/include/libmount -I/usr/include/blkid'
LIBINDICATOR_LIBS='-L/app/lib -lgtk-3 -lgdk-3 -lpangocairo-1.0 -lpango-1.0 -lharfbuzz -latk-1.0 -lcairo-gobject -lcairo -lgdk_pixbuf-2.0 -Wl,--export-dynamic -lgmodule-2.0 -pthread -lgio-2.0 -lgobject-2.0 -lglib-2.0-lm'
LIBM='-lm'
LIBOBJS=''
LIBS=''
LIBTOOL='$(SHELL) $(top_builddir)/libtool'
LIPO=''
LN_S='ln -s'
LTLIBOBJS=''
MAINT=''
MAINTAINER_MODE_FALSE='#'
MAINTAINER_MODE_TRUE=''
MAKEINFO='${SHELL} /run/build/libindicator3/build-aux/missing --run makeinfo'
MANIFEST_TOOL=':'
MKDIR_P='/usr/bin/mkdir -p'
NM='/usr/bin/nm -B'
NMEDIT=''
OBJDUMP='objdump'
OBJEXT='o'
OTOOL64=''
OTOOL=''
PACKAGE='libindicator'
PACKAGE_BUGREPORT='http://bugs.launchpad.net/libindicator'
PACKAGE_NAME='libindicator'
PACKAGE_STRING='libindicator 12.10.1'
PACKAGE_TARNAME='libindicator'
PACKAGE_URL='http://launchpad.net/libindicator'
PACKAGE_VERSION='12.10.1'
PATH_SEPARATOR=':'
PKG_CONFIG='/usr/bin/pkg-config'
PKG_CONFIG_LIBDIR=''
PKG_CONFIG_PATH='/app/lib/pkgconfig:/app/lib/x86_64-linux-gnu/pkgconfig'
PREFIX='/app'
RANLIB='ranlib'
SED='/usr/bin/sed'
SET_MAKE=''
SHELL='/bin/sh'
SHTOOL=''
STRIP='strip'
SYSCONFDIR='/app/etc'
USE_GTK3_FALSE='#'
USE_GTK3_TRUE=''
VERSION='12.10.1'
WANT_TESTS_FALSE=''
WANT_TESTS_TRUE='#'
ac_aux_dir='build-aux'
ac_ct_AR='ar'
ac_ct_CC='gcc'
ac_ct_DUMPBIN=''
am__EXEEXT_FALSE=''
am__EXEEXT_TRUE='#'
am__fastdepCC_FALSE='#'
am__fastdepCC_TRUE=''
am__include='include'
am__isrc=''
am__leading_dot='.'
am__nodep='_no'
am__quote=''
am__tar='tar --format=posix -chf - "$$tardir"'
am__untar='tar -xf -'
bindir='${exec_prefix}/bin'
build='x86_64-unknown-linux-gnu'
build_alias=''
build_cpu='x86_64'
build_os='linux-gnu'
build_vendor='unknown'
datadir='${datarootdir}'
datarootdir='${prefix}/share'
docdir='${datarootdir}/doc/${PACKAGE_TARNAME}'
dvidir='${docdir}'
exec_prefix='${prefix}'
host='x86_64-unknown-linux-gnu'
host_alias=''
host_cpu='x86_64'
host_os='linux-gnu'
host_vendor='unknown'
htmldir='${docdir}'
includedir='${prefix}/include'
infodir='${datarootdir}/info'
install_sh='${SHELL} /run/build/libindicator3/build-aux/install-sh'
libdir='/app/lib'
libexecdir='${exec_prefix}/libexec'
localedir='${datarootdir}/locale'
localstatedir='${prefix}/var'
mandir='${datarootdir}/man'
mkdir_p='/usr/bin/mkdir -p'
oldincludedir='/usr/include'
pdfdir='${docdir}'
prefix='/app'
program_transform_name='s,x,x,'
psdir='${docdir}'
sbindir='${exec_prefix}/sbin'
sharedstatedir='${prefix}/com'
sysconfdir='${prefix}/etc'
target_alias=''

## ----------- ##
## confdefs.h. ##
## ----------- ##

/* confdefs.h */
#define PACKAGE_NAME "libindicator"
#define PACKAGE_TARNAME "libindicator"
#define PACKAGE_VERSION "12.10.1"
#define PACKAGE_STRING "libindicator 12.10.1"
#define PACKAGE_BUGREPORT "http://bugs.launchpad.net/libindicator"
#define PACKAGE_URL "http://launchpad.net/libindicator"
#define PACKAGE "libindicator"
#define VERSION "12.10.1"
#define STDC_HEADERS 1
#define HAVE_SYS_TYPES_H 1
#define HAVE_SYS_STAT_H 1
#define HAVE_STDLIB_H 1
#define HAVE_STRING_H 1
#define HAVE_MEMORY_H 1
#define HAVE_STRINGS_H 1
#define HAVE_INTTYPES_H 1
#define HAVE_STDINT_H 1
#define HAVE_UNISTD_H 1
#define HAVE_DLFCN_H 1
#define LT_OBJDIR ".libs/"
#define PREFIX "/app"
#define SYSCONFDIR "/app/etc"
#define LIBDIR "/app/lib"

configure: exit 0
