This file contains any messages produced by compilers while
running configure, to aid debugging if configure makes a mistake.

It was created by libdbusmenu configure 16.04.0, which was
generated by GNU Autoconf 2.69.  Invocation command line was

  $ ./configure --prefix=/app --disable-static --with-gtk=3

## --------- ##
## Platform. ##
## --------- ##

hostname = steamdeck
uname -m = x86_64
uname -r = 6.5.0-valve23-1-neptune-65-g385b5e207ae2
uname -s = Linux
uname -v = #1 SMP PREEMPT_DYNAMIC Fri, 13 Dec 2024 00:16:59 +0000

/usr/bin/uname -p = unknown
/bin/uname -X     = unknown

/bin/arch              = x86_64
/usr/bin/arch -k       = unknown
/usr/convex/getsysinfo = unknown
/usr/bin/hostinfo      = unknown
/bin/machine           = unknown
/usr/bin/oslevel       = unknown
/bin/universe          = unknown

PATH: /app/bin
PATH: /usr/bin


## ----------- ##
## Core tests. ##
## ----------- ##

configure:2481: checking for a BSD-compatible install
configure:2549: result: /usr/bin/install -c
configure:2560: checking whether build environment is sane
configure:2615: result: yes
configure:2766: checking for a thread-safe mkdir -p
configure:2805: result: /usr/bin/mkdir -p
configure:2812: checking for gawk
configure:2828: found /usr/bin/gawk
configure:2839: result: gawk
configure:2850: checking whether make sets $(MAKE)
configure:2872: result: yes
configure:2901: checking whether make supports nested variables
configure:2918: result: yes
configure:3038: checking whether to enable maintainer-specific portions of Makefiles
configure:3047: result: no
configure:3062: checking whether NLS is requested
configure:3071: result: yes
configure:3089: checking for intltool >= 0.35.0
configure:3091: result:  found
configure:3094: error: Your intltool is too old.  You need intltool 0.35.0 or later.

## ---------------- ##
## Cache variables. ##
## ---------------- ##

ac_cv_env_CC_set=
ac_cv_env_CC_value=
ac_cv_env_CFLAGS_set=set
ac_cv_env_CFLAGS_value='-O2 -pipe -g -Wp,-D_FORTIFY_SOURCE=2 -Wp,-D_GLIBCXX_ASSERTIONS -fexceptions -fstack-protector-strong -grecord-gcc-switches -fasynchronous-unwind-tables -fstack-clash-protection -fcf-protection -fno-omit-frame-pointer '
ac_cv_env_CPPFLAGS_set=
ac_cv_env_CPPFLAGS_value=
ac_cv_env_CPP_set=
ac_cv_env_CPP_value=
ac_cv_env_DBUSMENUDUMPER_CFLAGS_set=
ac_cv_env_DBUSMENUDUMPER_CFLAGS_value=
ac_cv_env_DBUSMENUDUMPER_LIBS_set=
ac_cv_env_DBUSMENUDUMPER_LIBS_value=
ac_cv_env_DBUSMENUGLIB_CFLAGS_set=
ac_cv_env_DBUSMENUGLIB_CFLAGS_value=
ac_cv_env_DBUSMENUGLIB_LIBS_set=
ac_cv_env_DBUSMENUGLIB_LIBS_value=
ac_cv_env_DBUSMENUGTK_CFLAGS_set=
ac_cv_env_DBUSMENUGTK_CFLAGS_value=
ac_cv_env_DBUSMENUGTK_LIBS_set=
ac_cv_env_DBUSMENUGTK_LIBS_value=
ac_cv_env_DBUSMENUTESTSVALGRIND_CFLAGS_set=
ac_cv_env_DBUSMENUTESTSVALGRIND_CFLAGS_value=
ac_cv_env_DBUSMENUTESTSVALGRIND_LIBS_set=
ac_cv_env_DBUSMENUTESTSVALGRIND_LIBS_value=
ac_cv_env_DBUSMENUTESTS_CFLAGS_set=
ac_cv_env_DBUSMENUTESTS_CFLAGS_value=
ac_cv_env_DBUSMENUTESTS_LIBS_set=
ac_cv_env_DBUSMENUTESTS_LIBS_value=
ac_cv_env_GTKDOC_DEPS_CFLAGS_set=
ac_cv_env_GTKDOC_DEPS_CFLAGS_value=
ac_cv_env_GTKDOC_DEPS_LIBS_set=
ac_cv_env_GTKDOC_DEPS_LIBS_value=
ac_cv_env_LDFLAGS_set=set
ac_cv_env_LDFLAGS_value='-L/app/lib -Wl,-z,relro,-z,now -Wl,--as-needed '
ac_cv_env_LIBS_set=
ac_cv_env_LIBS_value=
ac_cv_env_LT_SYS_LIBRARY_PATH_set=
ac_cv_env_LT_SYS_LIBRARY_PATH_value=
ac_cv_env_PKG_CONFIG_LIBDIR_set=
ac_cv_env_PKG_CONFIG_LIBDIR_value=
ac_cv_env_PKG_CONFIG_PATH_set=set
ac_cv_env_PKG_CONFIG_PATH_value=/app/lib/pkgconfig:/app/share/pkgconfig:/usr/lib/pkgconfig:/usr/share/pkgconfig
ac_cv_env_PKG_CONFIG_set=
ac_cv_env_PKG_CONFIG_value=
ac_cv_env_build_alias_set=
ac_cv_env_build_alias_value=
ac_cv_env_host_alias_set=
ac_cv_env_host_alias_value=
ac_cv_env_target_alias_set=
ac_cv_env_target_alias_value=
ac_cv_path_install='/usr/bin/install -c'
ac_cv_path_mkdir=/usr/bin/mkdir
ac_cv_prog_AWK=gawk
ac_cv_prog_make_make_set=yes
am_cv_make_support_nested_variables=yes

## ----------------- ##
## Output variables. ##
## ----------------- ##

ACLOCAL='${SHELL} /run/build/libdbusmenu-gtk3/missing aclocal-1.15'
ALL_LINGUAS=''
AMDEPBACKSLASH=''
AMDEP_FALSE=''
AMDEP_TRUE=''
AMTAR='$${TAR-tar}'
AM_BACKSLASH='\'
AM_DEFAULT_V='$(AM_DEFAULT_VERBOSITY)'
AM_DEFAULT_VERBOSITY='1'
AM_V='$(V)'
AR=''
AUTOCONF='${SHELL} /run/build/libdbusmenu-gtk3/missing autoconf'
AUTOHEADER='${SHELL} /run/build/libdbusmenu-gtk3/missing autoheader'
AUTOMAKE='${SHELL} /run/build/libdbusmenu-gtk3/missing automake-1.15'
AWK='gawk'
CATALOGS=''
CATOBJEXT=''
CC=''
CCDEPMODE=''
CFLAGS='-O2 -pipe -g -Wp,-D_FORTIFY_SOURCE=2 -Wp,-D_GLIBCXX_ASSERTIONS -fexceptions -fstack-protector-strong -grecord-gcc-switches -fasynchronous-unwind-tables -fstack-clash-protection -fcf-protection -fno-omit-frame-pointer '
COVERAGE_CFLAGS=''
COVERAGE_LDFLAGS=''
CPP=''
CPPFLAGS=''
CYGPATH_W='echo'
DATADIRNAME=''
DBUSMENUDUMPER_CFLAGS=''
DBUSMENUDUMPER_LIBS=''
DBUSMENUGLIB_CFLAGS=''
DBUSMENUGLIB_LIBS=''
DBUSMENUGTK_CFLAGS=''
DBUSMENUGTK_LIBS=''
DBUSMENUTESTSVALGRIND_CFLAGS=''
DBUSMENUTESTSVALGRIND_LIBS=''
DBUSMENUTESTS_CFLAGS=''
DBUSMENUTESTS_LIBS=''
DEFS=''
DEPDIR=''
DLLTOOL=''
DSYMUTIL=''
DUMPBIN=''
ECHO_C=''
ECHO_N='-n'
ECHO_T=''
EGREP=''
ENABLE_GTK_DOC_FALSE=''
ENABLE_GTK_DOC_TRUE=''
EXEEXT=''
FGREP=''
GCOVR=''
GENHTML=''
GETTEXT_PACKAGE=''
GLIB_MKENUMS=''
GMOFILES=''
GMSGFMT=''
GREP=''
GTKDOC_CHECK=''
GTKDOC_CHECK_PATH=''
GTKDOC_DEPS_CFLAGS=''
GTKDOC_DEPS_LIBS=''
GTKDOC_MKPDF=''
GTKDOC_REBASE=''
GTK_DOC_BUILD_HTML_FALSE=''
GTK_DOC_BUILD_HTML_TRUE=''
GTK_DOC_BUILD_PDF_FALSE=''
GTK_DOC_BUILD_PDF_TRUE=''
GTK_DOC_USE_LIBTOOL_FALSE=''
GTK_DOC_USE_LIBTOOL_TRUE=''
GTK_DOC_USE_REBASE_FALSE=''
GTK_DOC_USE_REBASE_TRUE=''
HAVE_GCOVR_FALSE=''
HAVE_GCOVR_TRUE=''
HAVE_GCOV_FALSE=''
HAVE_GCOV_TRUE=''
HAVE_GTK_DOC_FALSE=''
HAVE_GTK_DOC_TRUE=''
HAVE_INTROSPECTION_FALSE=''
HAVE_INTROSPECTION_TRUE=''
HAVE_LCOV_FALSE=''
HAVE_LCOV_TRUE=''
HAVE_VALA_FALSE=''
HAVE_VALA_TRUE=''
HAVE_VALGRIND_FALSE=''
HAVE_VALGRIND_TRUE=''
HTML_DIR=''
INSTALL_DATA='${INSTALL} -m 644'
INSTALL_PROGRAM='${INSTALL}'
INSTALL_SCRIPT='${INSTALL}'
INSTALL_STRIP_PROGRAM='$(install_sh) -c -s'
INSTOBJEXT=''
INTLLIBS=''
INTLTOOL_CAVES_RULE=''
INTLTOOL_DESKTOP_RULE=''
INTLTOOL_DIRECTORY_RULE=''
INTLTOOL_EXTRACT=''
INTLTOOL_KBD_RULE=''
INTLTOOL_KEYS_RULE=''
INTLTOOL_MERGE=''
INTLTOOL_OAF_RULE=''
INTLTOOL_PERL=''
INTLTOOL_POLICY_RULE=''
INTLTOOL_PONG_RULE=''
INTLTOOL_PROP_RULE=''
INTLTOOL_SCHEMAS_RULE=''
INTLTOOL_SERVER_RULE=''
INTLTOOL_SERVICE_RULE=''
INTLTOOL_SHEET_RULE=''
INTLTOOL_SOUNDLIST_RULE=''
INTLTOOL_THEME_RULE=''
INTLTOOL_UI_RULE=''
INTLTOOL_UPDATE=''
INTLTOOL_V_MERGE=''
INTLTOOL_V_MERGE_OPTIONS=''
INTLTOOL_XAM_RULE=''
INTLTOOL_XML_NOMERGE_RULE=''
INTLTOOL_XML_RULE=''
INTLTOOL__v_MERGE_0=''
INTLTOOL__v_MERGE_=''
INTROSPECTION_CFLAGS=''
INTROSPECTION_COMPILER=''
INTROSPECTION_GENERATE=''
INTROSPECTION_GIRDIR=''
INTROSPECTION_LIBS=''
INTROSPECTION_MAKEFILE=''
INTROSPECTION_SCANNER=''
INTROSPECTION_TEN_FALSE=''
INTROSPECTION_TEN_TRUE=''
INTROSPECTION_TYPELIBDIR=''
LCOV=''
LD=''
LDFLAGS='-L/app/lib -Wl,-z,relro,-z,now -Wl,--as-needed '
LIBDBUSMENU_AGE=''
LIBDBUSMENU_CURRENT=''
LIBDBUSMENU_REVISION=''
LIBOBJS=''
LIBS=''
LIBTOOL=''
LIPO=''
LN_S=''
LTLIBOBJS=''
LT_SYS_LIBRARY_PATH=''
MAINT='#'
MAINTAINER_MODE_FALSE=''
MAINTAINER_MODE_TRUE='#'
MAKEINFO='${SHELL} /run/build/libdbusmenu-gtk3/missing makeinfo'
MANIFEST_TOOL=''
MKDIR_P='/usr/bin/mkdir -p'
MKINSTALLDIRS=''
MSGFMT=''
MSGFMT_OPTS=''
MSGMERGE=''
NM=''
NMEDIT=''
OBJDUMP=''
OBJEXT=''
OTOOL64=''
OTOOL=''
PACKAGE='libdbusmenu'
PACKAGE_BUGREPORT='ted@canonical.com'
PACKAGE_NAME='libdbusmenu'
PACKAGE_STRING='libdbusmenu 16.04.0'
PACKAGE_TARNAME='libdbusmenu'
PACKAGE_URL=''
PACKAGE_VERSION='16.04.0'
PATH_SEPARATOR=':'
PKG_CONFIG=''
PKG_CONFIG_LIBDIR=''
PKG_CONFIG_PATH='/app/lib/pkgconfig:/app/share/pkgconfig:/usr/lib/pkgconfig:/usr/share/pkgconfig'
POFILES=''
POSUB=''
PO_IN_DATADIR_FALSE=''
PO_IN_DATADIR_TRUE=''
RANLIB=''
SED=''
SET_MAKE=''
SHELL='/bin/sh'
SHTOOL=''
STRIP=''
USE_GTK3_FALSE=''
USE_GTK3_TRUE=''
USE_NLS='yes'
VALA_API_GEN=''
VERSION='16.04.0'
WANT_DBUSMENUDUMPER_FALSE=''
WANT_DBUSMENUDUMPER_TRUE=''
WANT_LIBDBUSMENUGTK_FALSE=''
WANT_LIBDBUSMENUGTK_TRUE=''
WANT_TESTS_FALSE=''
WANT_TESTS_TRUE=''
XGETTEXT=''
XSLT_PROC=''
ac_ct_AR=''
ac_ct_CC=''
ac_ct_DUMPBIN=''
am__EXEEXT_FALSE=''
am__EXEEXT_TRUE=''
am__fastdepCC_FALSE=''
am__fastdepCC_TRUE=''
am__include=''
am__isrc=''
am__leading_dot='.'
am__nodep=''
am__quote=''
am__tar='$${TAR-tar} chof - "$$tardir"'
am__untar='$${TAR-tar} xf -'
bindir='${exec_prefix}/bin'
build=''
build_alias=''
build_cpu=''
build_os=''
build_vendor=''
datadir='${datarootdir}'
datarootdir='${prefix}/share'
docdir='${datarootdir}/doc/${PACKAGE_TARNAME}'
dvidir='${docdir}'
exec_prefix='NONE'
host=''
host_alias=''
host_cpu=''
host_os=''
host_vendor=''
htmldir='${docdir}'
includedir='${prefix}/include'
infodir='${datarootdir}/info'
install_sh='${SHELL} /run/build/libdbusmenu-gtk3/install-sh'
intltool__v_merge_options_0=''
intltool__v_merge_options_=''
libdir='${exec_prefix}/lib'
libexecdir='${exec_prefix}/libexec'
localedir='${datarootdir}/locale'
localstatedir='${prefix}/var'
mandir='${datarootdir}/man'
mkdir_p='$(MKDIR_P)'
oldincludedir='/usr/include'
pdfdir='${docdir}'
prefix='/app'
program_transform_name='s,x,x,'
psdir='${docdir}'
runstatedir='${localstatedir}/run'
sbindir='${exec_prefix}/sbin'
sharedstatedir='${prefix}/com'
sysconfdir='${prefix}/etc'
target_alias=''

## ----------- ##
## confdefs.h. ##
## ----------- ##

/* confdefs.h */
#define PACKAGE_NAME "libdbusmenu"
#define PACKAGE_TARNAME "libdbusmenu"
#define PACKAGE_VERSION "16.04.0"
#define PACKAGE_STRING "libdbusmenu 16.04.0"
#define PACKAGE_BUGREPORT "ted@canonical.com"
#define PACKAGE_URL ""

configure: exit 1
